[debug] [2022-11-24T16:47:53.899Z] ----------------------------------------------------------------------
[debug] [2022-11-24T16:47:53.901Z] Command:       C:\Program Files\nodejs\node.exe C:\Users\Go Up\AppData\Roaming\npm\node_modules\firebase-tools\lib\bin\firebase.js deploy --only functions
[debug] [2022-11-24T16:47:53.902Z] CLI Version:   11.16.0
[debug] [2022-11-24T16:47:53.902Z] Platform:      win32
[debug] [2022-11-24T16:47:53.902Z] Node Version:  v18.12.0
[debug] [2022-11-24T16:47:53.911Z] Time:          Thu Nov 24 2022 13:47:53 GMT-0300 (hora estándar de Argentina)
[debug] [2022-11-24T16:47:53.911Z] ----------------------------------------------------------------------
[debug] 
[debug] [2022-11-24T16:47:53.969Z] > command requires scopes: ["email","openid","https://www.googleapis.com/auth/cloudplatformprojects.readonly","https://www.googleapis.com/auth/firebase","https://www.googleapis.com/auth/cloud-platform"]
[debug] [2022-11-24T16:47:53.969Z] > authorizing via signed-in user (franlopez9724@gmail.com)
[debug] [2022-11-24T16:47:53.969Z] [iam] checking project prueba-auth-vuex-router for permissions ["cloudfunctions.functions.create","cloudfunctions.functions.delete","cloudfunctions.functions.get","cloudfunctions.functions.list","cloudfunctions.functions.update","cloudfunctions.operations.get","firebase.projects.get"]
[debug] [2022-11-24T16:47:53.972Z] >>> [apiv2][query] POST https://cloudresourcemanager.googleapis.com/v1/projects/prueba-auth-vuex-router:testIamPermissions [none]
[debug] [2022-11-24T16:47:53.973Z] >>> [apiv2][(partial)header] POST https://cloudresourcemanager.googleapis.com/v1/projects/prueba-auth-vuex-router:testIamPermissions x-goog-quota-user=projects/prueba-auth-vuex-router
[debug] [2022-11-24T16:47:53.973Z] >>> [apiv2][body] POST https://cloudresourcemanager.googleapis.com/v1/projects/prueba-auth-vuex-router:testIamPermissions {"permissions":["cloudfunctions.functions.create","cloudfunctions.functions.delete","cloudfunctions.functions.get","cloudfunctions.functions.list","cloudfunctions.functions.update","cloudfunctions.operations.get","firebase.projects.get"]}
[debug] [2022-11-24T16:47:54.909Z] <<< [apiv2][status] POST https://cloudresourcemanager.googleapis.com/v1/projects/prueba-auth-vuex-router:testIamPermissions 200
[debug] [2022-11-24T16:47:54.909Z] <<< [apiv2][body] POST https://cloudresourcemanager.googleapis.com/v1/projects/prueba-auth-vuex-router:testIamPermissions {"permissions":["cloudfunctions.functions.create","cloudfunctions.functions.delete","cloudfunctions.functions.get","cloudfunctions.functions.list","cloudfunctions.functions.update","cloudfunctions.operations.get","firebase.projects.get"]}
[debug] [2022-11-24T16:47:54.910Z] >>> [apiv2][query] POST https://iam.googleapis.com/v1/projects/prueba-auth-vuex-router/serviceAccounts/prueba-auth-vuex-router@appspot.gserviceaccount.com:testIamPermissions [none]
[debug] [2022-11-24T16:47:54.910Z] >>> [apiv2][body] POST https://iam.googleapis.com/v1/projects/prueba-auth-vuex-router/serviceAccounts/prueba-auth-vuex-router@appspot.gserviceaccount.com:testIamPermissions {"permissions":["iam.serviceAccounts.actAs"]}
[debug] [2022-11-24T16:47:55.840Z] <<< [apiv2][status] POST https://iam.googleapis.com/v1/projects/prueba-auth-vuex-router/serviceAccounts/prueba-auth-vuex-router@appspot.gserviceaccount.com:testIamPermissions 200
[debug] [2022-11-24T16:47:55.840Z] <<< [apiv2][body] POST https://iam.googleapis.com/v1/projects/prueba-auth-vuex-router/serviceAccounts/prueba-auth-vuex-router@appspot.gserviceaccount.com:testIamPermissions {"permissions":["iam.serviceAccounts.actAs"]}
[info] 
[info] === Deploying to 'prueba-auth-vuex-router'...
[info] 
[info] i  deploying functions 
[info] Running command: npm --prefix "%RESOURCE_DIR%" run
[info] +  functions: Finished running predeploy script. 
[debug] [2022-11-24T16:47:56.943Z] >>> [apiv2][query] GET https://firebase.googleapis.com/v1beta1/projects/prueba-auth-vuex-router [none]
[debug] [2022-11-24T16:47:57.352Z] <<< [apiv2][status] GET https://firebase.googleapis.com/v1beta1/projects/prueba-auth-vuex-router 200
[debug] [2022-11-24T16:47:57.352Z] <<< [apiv2][body] GET https://firebase.googleapis.com/v1beta1/projects/prueba-auth-vuex-router {"projectId":"prueba-auth-vuex-router","projectNumber":"184901051080","displayName":"prueba-Auth-Vuex-router","name":"projects/prueba-auth-vuex-router","resources":{"hostingSite":"prueba-auth-vuex-router","realtimeDatabaseInstance":"prueba-auth-vuex-router-default-rtdb","storageBucket":"prueba-auth-vuex-router.appspot.com","locationId":"southamerica-east1"},"state":"ACTIVE","etag":"1_dd5d3b23-c5ec-4d90-8917-664639f1ea60"}
[info] i  functions: ensuring required API cloudfunctions.googleapis.com is enabled... 
[info] i  functions: ensuring required API cloudbuild.googleapis.com is enabled... 
[info] i  artifactregistry: ensuring required API artifactregistry.googleapis.com is enabled... 
[debug] [2022-11-24T16:47:57.354Z] >>> [apiv2][query] GET https://serviceusage.googleapis.com/v1/projects/prueba-auth-vuex-router/services/cloudfunctions.googleapis.com [none]
[debug] [2022-11-24T16:47:57.354Z] >>> [apiv2][(partial)header] GET https://serviceusage.googleapis.com/v1/projects/prueba-auth-vuex-router/services/cloudfunctions.googleapis.com x-goog-quota-user=projects/prueba-auth-vuex-router
[debug] [2022-11-24T16:47:57.355Z] >>> [apiv2][query] GET https://serviceusage.googleapis.com/v1/projects/prueba-auth-vuex-router/services/runtimeconfig.googleapis.com [none]
[debug] [2022-11-24T16:47:57.355Z] >>> [apiv2][(partial)header] GET https://serviceusage.googleapis.com/v1/projects/prueba-auth-vuex-router/services/runtimeconfig.googleapis.com x-goog-quota-user=projects/prueba-auth-vuex-router
[debug] [2022-11-24T16:47:57.356Z] >>> [apiv2][query] GET https://serviceusage.googleapis.com/v1/projects/prueba-auth-vuex-router/services/cloudbuild.googleapis.com [none]
[debug] [2022-11-24T16:47:57.356Z] >>> [apiv2][(partial)header] GET https://serviceusage.googleapis.com/v1/projects/prueba-auth-vuex-router/services/cloudbuild.googleapis.com x-goog-quota-user=projects/prueba-auth-vuex-router
[debug] [2022-11-24T16:47:57.357Z] >>> [apiv2][query] GET https://serviceusage.googleapis.com/v1/projects/prueba-auth-vuex-router/services/artifactregistry.googleapis.com [none]
[debug] [2022-11-24T16:47:57.357Z] >>> [apiv2][(partial)header] GET https://serviceusage.googleapis.com/v1/projects/prueba-auth-vuex-router/services/artifactregistry.googleapis.com x-goog-quota-user=projects/prueba-auth-vuex-router
[debug] [2022-11-24T16:47:58.483Z] <<< [apiv2][status] GET https://serviceusage.googleapis.com/v1/projects/prueba-auth-vuex-router/services/cloudfunctions.googleapis.com 200
[debug] [2022-11-24T16:47:58.483Z] <<< [apiv2][body] GET https://serviceusage.googleapis.com/v1/projects/prueba-auth-vuex-router/services/cloudfunctions.googleapis.com [omitted]
[info] +  functions: required API cloudfunctions.googleapis.com is enabled 
[debug] [2022-11-24T16:47:58.484Z] <<< [apiv2][status] GET https://serviceusage.googleapis.com/v1/projects/prueba-auth-vuex-router/services/runtimeconfig.googleapis.com 200
[debug] [2022-11-24T16:47:58.484Z] <<< [apiv2][body] GET https://serviceusage.googleapis.com/v1/projects/prueba-auth-vuex-router/services/runtimeconfig.googleapis.com [omitted]
[debug] [2022-11-24T16:47:58.485Z] <<< [apiv2][status] GET https://serviceusage.googleapis.com/v1/projects/prueba-auth-vuex-router/services/cloudbuild.googleapis.com 200
[debug] [2022-11-24T16:47:58.485Z] <<< [apiv2][body] GET https://serviceusage.googleapis.com/v1/projects/prueba-auth-vuex-router/services/cloudbuild.googleapis.com [omitted]
[info] +  functions: required API cloudbuild.googleapis.com is enabled 
[debug] [2022-11-24T16:47:58.486Z] <<< [apiv2][status] GET https://serviceusage.googleapis.com/v1/projects/prueba-auth-vuex-router/services/artifactregistry.googleapis.com 200
[debug] [2022-11-24T16:47:58.487Z] <<< [apiv2][body] GET https://serviceusage.googleapis.com/v1/projects/prueba-auth-vuex-router/services/artifactregistry.googleapis.com [omitted]
[info] +  artifactregistry: required API artifactregistry.googleapis.com is enabled 
[debug] [2022-11-24T16:47:58.487Z] >>> [apiv2][query] GET https://firebase.googleapis.com/v1beta1/projects/prueba-auth-vuex-router/adminSdkConfig [none]
[debug] [2022-11-24T16:47:58.910Z] <<< [apiv2][status] GET https://firebase.googleapis.com/v1beta1/projects/prueba-auth-vuex-router/adminSdkConfig 200
[debug] [2022-11-24T16:47:58.911Z] <<< [apiv2][body] GET https://firebase.googleapis.com/v1beta1/projects/prueba-auth-vuex-router/adminSdkConfig {"projectId":"prueba-auth-vuex-router","databaseURL":"https://prueba-auth-vuex-router-default-rtdb.firebaseio.com","storageBucket":"prueba-auth-vuex-router.appspot.com","locationId":"southamerica-east1"}
[debug] [2022-11-24T16:47:58.911Z] >>> [apiv2][query] GET https://runtimeconfig.googleapis.com/v1beta1/projects/prueba-auth-vuex-router/configs [none]
[debug] [2022-11-24T16:47:59.301Z] <<< [apiv2][status] GET https://runtimeconfig.googleapis.com/v1beta1/projects/prueba-auth-vuex-router/configs 200
[debug] [2022-11-24T16:47:59.301Z] <<< [apiv2][body] GET https://runtimeconfig.googleapis.com/v1beta1/projects/prueba-auth-vuex-router/configs {}
[info] i  functions: preparing codebase default for deployment 
[debug] [2022-11-24T16:47:59.303Z] Validating nodejs source
[warn] !  functions: package.json indicates an outdated version of firebase-functions. Please upgrade using npm install --save firebase-functions@latest in your functions directory. 
[debug] [2022-11-24T16:48:01.524Z] > [functions] package.json contents: {
  "name": "functions",
  "description": "Cloud Functions for Firebase",
  "scripts": {
    "lint": "eslint .",
    "serve": "firebase emulators:start --only functions",
    "shell": "firebase functions:shell",
    "start": "npm run shell",
    "deploy": "firebase deploy --debug --only functions",
    "logs": "firebase functions:log"
  },
  "engines": {
    "node": "16"
  },
  "main": "index.js",
  "dependencies": {
    "cors": "^2.8.5",
    "express": "^4.18.2",
    "firebase-admin": "^10.0.2",
    "firebase-functions": "^4.0.2",
    "mercadopago": "^1.5.14",
    "node-fetch": "^2.6.7",
    "nodemailer": "^6.8.0",
    "vue": "^3.2.45"
  },
  "devDependencies": {
    "eslint": "^8.9.0",
    "eslint-config-google": "^0.14.0",
    "firebase-functions-test": "^0.2.0"
  },
  "private": true
}
[debug] [2022-11-24T16:48:01.525Z] Building nodejs source
[debug] [2022-11-24T16:48:01.526Z] Could not find functions.yaml. Must use http discovery
[debug] [2022-11-24T16:48:01.782Z] Serving at port 9005

[debug] [2022-11-24T16:48:02.530Z] Got response from /__/functions.yaml {"endpoints":{"webHooksNotif":{"platform":"gcfv1","availableMemoryMb":null,"timeoutSeconds":null,"minInstances":null,"maxInstances":null,"ingressSettings":null,"serviceAccountEmail":null,"vpc":null,"httpsTrigger":{},"entryPoint":"webHooksNotif"},"mpActions":{"platform":"gcfv1","availableMemoryMb":null,"timeoutSeconds":null,"minInstances":null,"maxInstances":null,"ingressSettings":null,"serviceAccountEmail":null,"vpc":null,"httpsTrigger":{},"entryPoint":"mpActions"}},"specVersion":"v1alpha1","requiredAPIs":[]}
[debug] [2022-11-24T16:48:02.536Z] shutdown requested via /__/quitquitquit

[info] i  functions: preparing functions directory for uploading... 
[info] i  functions: packaged C:\Users\Go Up\Documents\GitHub\auth-firebase\functions (348.66 KB) for uploading 
[debug] [2022-11-24T16:48:02.605Z] >>> [apiv2][query] GET https://cloudfunctions.googleapis.com/v1/projects/prueba-auth-vuex-router/locations/-/functions [none]
[debug] [2022-11-24T16:48:04.052Z] <<< [apiv2][status] GET https://cloudfunctions.googleapis.com/v1/projects/prueba-auth-vuex-router/locations/-/functions 200
[debug] [2022-11-24T16:48:04.052Z] <<< [apiv2][body] GET https://cloudfunctions.googleapis.com/v1/projects/prueba-auth-vuex-router/locations/-/functions {"functions":[{"name":"projects/prueba-auth-vuex-router/locations/us-central1/functions/mpActions","httpsTrigger":{"url":"https://us-central1-prueba-auth-vuex-router.cloudfunctions.net/mpActions","securityLevel":"SECURE_ALWAYS"},"status":"ACTIVE","entryPoint":"mpActions","timeout":"60s","availableMemoryMb":256,"serviceAccountEmail":"prueba-auth-vuex-router@appspot.gserviceaccount.com","updateTime":"2022-11-24T16:17:20.457Z","versionId":"127","labels":{"deployment-tool":"cli-firebase","firebase-functions-hash":"2741559126fe1f0b0f36e1484a584cd0e0e7ad6c"},"sourceUploadUrl":"https://storage.googleapis.com/uploads-1090728644272.us-central1.cloudfunctions.appspot.com/b5ea85ab-5139-4923-a54a-52e7c44eab43.zip","environmentVariables":{"FIREBASE_CONFIG":"{\"projectId\":\"prueba-auth-vuex-router\",\"databaseURL\":\"https://prueba-auth-vuex-router-default-rtdb.firebaseio.com\",\"storageBucket\":\"prueba-auth-vuex-router.appspot.com\",\"locationId\":\"southamerica-east1\"}","GCLOUD_PROJECT":"prueba-auth-vuex-router","EVENTARC_CLOUD_EVENT_SOURCE":"projects/prueba-auth-vuex-router/locations/us-central1/functions/mpActions"},"runtime":"nodejs16","ingressSettings":"ALLOW_ALL","buildId":"2a3923cd-c7a1-408e-be40-ab84df4459f4","buildName":"projects/184901051080/locations/us-central1/builds/2a3923cd-c7a1-408e-be40-ab84df4459f4","dockerRegistry":"ARTIFACT_REGISTRY"},{"name":"projects/prueba-auth-vuex-router/locations/us-central1/functions/webHooksNotif","httpsTrigger":{"url":"https://us-central1-prueba-auth-vuex-router.cloudfunctions.net/webHooksNotif","securityLevel":"SECURE_ALWAYS"},"status":"ACTIVE","entryPoint":"webHooksNotif","timeout":"60s","availableMemoryMb":256,"serviceAccountEmail":"prueba-auth-vuex-router@appspot.gserviceaccount.com","updateTime":"2022-11-24T16:17:15.343Z","versionId":"130","labels":{"deployment-tool":"cli-firebase","firebase-functions-hash":"2741559126fe1f0b0f36e1484a584cd0e0e7ad6c"},"sourceUploadUrl":"https://storage.googleapis.com/uploads-1090728644272.us-central1.cloudfunctions.appspot.com/b5ea85ab-5139-4923-a54a-52e7c44eab43.zip","environmentVariables":{"FIREBASE_CONFIG":"{\"projectId\":\"prueba-auth-vuex-router\",\"databaseURL\":\"https://prueba-auth-vuex-router-default-rtdb.firebaseio.com\",\"storageBucket\":\"prueba-auth-vuex-router.appspot.com\",\"locationId\":\"southamerica-east1\"}","GCLOUD_PROJECT":"prueba-auth-vuex-router","EVENTARC_CLOUD_EVENT_SOURCE":"projects/prueba-auth-vuex-router/locations/us-central1/functions/mpActions"},"runtime":"nodejs16","ingressSettings":"ALLOW_ALL","buildId":"2a3923cd-c7a1-408e-be40-ab84df4459f4","buildName":"projects/184901051080/locations/us-central1/builds/2a3923cd-c7a1-408e-be40-ab84df4459f4","dockerRegistry":"ARTIFACT_REGISTRY"}]}
[debug] [2022-11-24T16:48:04.053Z] >>> [apiv2][query] GET https://cloudfunctions.googleapis.com/v2/projects/prueba-auth-vuex-router/locations/-/functions filter=environment%3D%22GEN_2%22
[debug] [2022-11-24T16:48:05.279Z] <<< [apiv2][status] GET https://cloudfunctions.googleapis.com/v2/projects/prueba-auth-vuex-router/locations/-/functions 200
[debug] [2022-11-24T16:48:05.279Z] <<< [apiv2][body] GET https://cloudfunctions.googleapis.com/v2/projects/prueba-auth-vuex-router/locations/-/functions {}
[debug] [2022-11-24T16:48:05.282Z] >>> [apiv2][query] GET https://firebase.googleapis.com/v1beta1/projects/prueba-auth-vuex-router [none]
[debug] [2022-11-24T16:48:05.655Z] <<< [apiv2][status] GET https://firebase.googleapis.com/v1beta1/projects/prueba-auth-vuex-router 200
[debug] [2022-11-24T16:48:05.655Z] <<< [apiv2][body] GET https://firebase.googleapis.com/v1beta1/projects/prueba-auth-vuex-router {"projectId":"prueba-auth-vuex-router","projectNumber":"184901051080","displayName":"prueba-Auth-Vuex-router","name":"projects/prueba-auth-vuex-router","resources":{"hostingSite":"prueba-auth-vuex-router","realtimeDatabaseInstance":"prueba-auth-vuex-router-default-rtdb","storageBucket":"prueba-auth-vuex-router.appspot.com","locationId":"southamerica-east1"},"state":"ACTIVE","etag":"1_dd5d3b23-c5ec-4d90-8917-664639f1ea60"}
[debug] [2022-11-24T16:48:05.656Z] >>> [apiv2][query] GET https://firebase.googleapis.com/v1beta1/projects/prueba-auth-vuex-router [none]
[debug] [2022-11-24T16:48:06.019Z] <<< [apiv2][status] GET https://firebase.googleapis.com/v1beta1/projects/prueba-auth-vuex-router 200
[debug] [2022-11-24T16:48:06.019Z] <<< [apiv2][body] GET https://firebase.googleapis.com/v1beta1/projects/prueba-auth-vuex-router {"projectId":"prueba-auth-vuex-router","projectNumber":"184901051080","displayName":"prueba-Auth-Vuex-router","name":"projects/prueba-auth-vuex-router","resources":{"hostingSite":"prueba-auth-vuex-router","realtimeDatabaseInstance":"prueba-auth-vuex-router-default-rtdb","storageBucket":"prueba-auth-vuex-router.appspot.com","locationId":"southamerica-east1"},"state":"ACTIVE","etag":"1_dd5d3b23-c5ec-4d90-8917-664639f1ea60"}
[debug] [2022-11-24T16:48:06.020Z] >>> [apiv2][query] POST https://cloudfunctions.googleapis.com/v1/projects/prueba-auth-vuex-router/locations/us-central1/functions:generateUploadUrl [none]
[debug] [2022-11-24T16:48:06.020Z] >>> [apiv2][body] POST https://cloudfunctions.googleapis.com/v1/projects/prueba-auth-vuex-router/locations/us-central1/functions:generateUploadUrl {}
[debug] [2022-11-24T16:48:07.055Z] <<< [apiv2][status] POST https://cloudfunctions.googleapis.com/v1/projects/prueba-auth-vuex-router/locations/us-central1/functions:generateUploadUrl 200
[debug] [2022-11-24T16:48:07.055Z] <<< [apiv2][body] POST https://cloudfunctions.googleapis.com/v1/projects/prueba-auth-vuex-router/locations/us-central1/functions:generateUploadUrl {"uploadUrl":"https://storage.googleapis.com/uploads-1090728644272.us-central1.cloudfunctions.appspot.com/2e07b05e-2135-4c91-9f71-55c5cd5d01ff.zip?GoogleAccessId=service-184901051080@gcf-admin-robot.iam.gserviceaccount.com&Expires=1669310286&Signature=Hm991jppg55M2X3h9yBkAdd6x082RObaZ2IPfSl3N5Wxt6QhL7ZClvfmV8EOjWJ9qINg1cEGTtOmHscLgbFGPdHMn8qOe1leUpaLkOuNmTTqikv7Y0Fa6E1uvEYEAPIZgCSwN5Fd7lzVHcXP%2FnCUiiDMQ9UWHIURvVUdVM%2FErcgRuJVCj4UPmuOteI6GpcoPyDoqHUumR2sh5PYpiywsQvst%2B6DnnsAvngv1ERUzMliE3VHwv1v30Gn2nrNFuvPTwr7DRa%2BsgIDLVvTw7d5HicvTLWZ5%2BAc9p6K8vibQ9b%2B2Ox6nS%2B5nzMjcrgj5%2Bc%2FykrVBhNm5HciLc0RG36sUkw%3D%3D"}
[debug] [2022-11-24T16:48:07.056Z] >>> [apiv2][query] PUT https://storage.googleapis.com/uploads-1090728644272.us-central1.cloudfunctions.appspot.com/2e07b05e-2135-4c91-9f71-55c5cd5d01ff.zip GoogleAccessId=service-184901051080%40gcf-admin-robot.iam.gserviceaccount.com&Expires=1669310286&Signature=Hm991jppg55M2X3h9yBkAdd6x082RObaZ2IPfSl3N5Wxt6QhL7ZClvfmV8EOjWJ9qINg1cEGTtOmHscLgbFGPdHMn8qOe1leUpaLkOuNmTTqikv7Y0Fa6E1uvEYEAPIZgCSwN5Fd7lzVHcXP%2FnCUiiDMQ9UWHIURvVUdVM%2FErcgRuJVCj4UPmuOteI6GpcoPyDoqHUumR2sh5PYpiywsQvst%2B6DnnsAvngv1ERUzMliE3VHwv1v30Gn2nrNFuvPTwr7DRa%2BsgIDLVvTw7d5HicvTLWZ5%2BAc9p6K8vibQ9b%2B2Ox6nS%2B5nzMjcrgj5%2Bc%2FykrVBhNm5HciLc0RG36sUkw%3D%3D
[debug] [2022-11-24T16:48:07.056Z] >>> [apiv2][body] PUT https://storage.googleapis.com/uploads-1090728644272.us-central1.cloudfunctions.appspot.com/2e07b05e-2135-4c91-9f71-55c5cd5d01ff.zip [stream]
[debug] [2022-11-24T16:48:07.784Z] <<< [apiv2][status] PUT https://storage.googleapis.com/uploads-1090728644272.us-central1.cloudfunctions.appspot.com/2e07b05e-2135-4c91-9f71-55c5cd5d01ff.zip 200
[debug] [2022-11-24T16:48:07.784Z] <<< [apiv2][body] PUT https://storage.googleapis.com/uploads-1090728644272.us-central1.cloudfunctions.appspot.com/2e07b05e-2135-4c91-9f71-55c5cd5d01ff.zip [omitted]
[info] +  functions: functions folder uploaded successfully 
[info] i  functions: updating Node.js 16 function webHooksNotif(us-central1)... 
[info] i  functions: updating Node.js 16 function mpActions(us-central1)... 
[debug] [2022-11-24T16:48:07.789Z] >>> [apiv2][query] PATCH https://cloudfunctions.googleapis.com/v1/projects/prueba-auth-vuex-router/locations/us-central1/functions/webHooksNotif updateMask=name%2CsourceUploadUrl%2CentryPoint%2Cruntime%2CdockerRegistry%2Clabels%2ChttpsTrigger.securityLevel%2CminInstances%2CmaxInstances%2CingressSettings%2CenvironmentVariables%2CserviceAccountEmail%2CavailableMemoryMb%2Ctimeout%2CvpcConnector%2CvpcConnectorEgressSettings%2CsourceToken
[debug] [2022-11-24T16:48:07.789Z] >>> [apiv2][body] PATCH https://cloudfunctions.googleapis.com/v1/projects/prueba-auth-vuex-router/locations/us-central1/functions/webHooksNotif {"name":"projects/prueba-auth-vuex-router/locations/us-central1/functions/webHooksNotif","sourceUploadUrl":"https://storage.googleapis.com/uploads-1090728644272.us-central1.cloudfunctions.appspot.com/2e07b05e-2135-4c91-9f71-55c5cd5d01ff.zip?GoogleAccessId=service-184901051080@gcf-admin-robot.iam.gserviceaccount.com&Expires=1669310286&Signature=Hm991jppg55M2X3h9yBkAdd6x082RObaZ2IPfSl3N5Wxt6QhL7ZClvfmV8EOjWJ9qINg1cEGTtOmHscLgbFGPdHMn8qOe1leUpaLkOuNmTTqikv7Y0Fa6E1uvEYEAPIZgCSwN5Fd7lzVHcXP%2FnCUiiDMQ9UWHIURvVUdVM%2FErcgRuJVCj4UPmuOteI6GpcoPyDoqHUumR2sh5PYpiywsQvst%2B6DnnsAvngv1ERUzMliE3VHwv1v30Gn2nrNFuvPTwr7DRa%2BsgIDLVvTw7d5HicvTLWZ5%2BAc9p6K8vibQ9b%2B2Ox6nS%2B5nzMjcrgj5%2Bc%2FykrVBhNm5HciLc0RG36sUkw%3D%3D","entryPoint":"webHooksNotif","runtime":"nodejs16","dockerRegistry":"ARTIFACT_REGISTRY","labels":{"deployment-tool":"cli-firebase","firebase-functions-hash":"459fd477aa0a2823114ddeee9c416e723274922c"},"httpsTrigger":{"securityLevel":"SECURE_ALWAYS"},"minInstances":null,"maxInstances":null,"ingressSettings":null,"environmentVariables":{"FIREBASE_CONFIG":"{\"projectId\":\"prueba-auth-vuex-router\",\"databaseURL\":\"https://prueba-auth-vuex-router-default-rtdb.firebaseio.com\",\"storageBucket\":\"prueba-auth-vuex-router.appspot.com\",\"locationId\":\"southamerica-east1\"}","GCLOUD_PROJECT":"prueba-auth-vuex-router","EVENTARC_CLOUD_EVENT_SOURCE":"projects/prueba-auth-vuex-router/locations/us-central1/functions/mpActions"},"serviceAccountEmail":null,"availableMemoryMb":null,"timeout":null,"vpcConnector":null,"vpcConnectorEgressSettings":null}
[debug] [2022-11-24T16:48:08.526Z] <<< [apiv2][status] PATCH https://cloudfunctions.googleapis.com/v1/projects/prueba-auth-vuex-router/locations/us-central1/functions/webHooksNotif 200
[debug] [2022-11-24T16:48:08.527Z] <<< [apiv2][body] PATCH https://cloudfunctions.googleapis.com/v1/projects/prueba-auth-vuex-router/locations/us-central1/functions/webHooksNotif {"name":"operations/cHJ1ZWJhLWF1dGgtdnVleC1yb3V0ZXIvdXMtY2VudHJhbDEvd2ViSG9va3NOb3RpZi95R1pJdHBLR3B3VQ","metadata":{"@type":"type.googleapis.com/google.cloud.functions.v1.OperationMetadataV1","target":"projects/prueba-auth-vuex-router/locations/us-central1/functions/webHooksNotif","type":"UPDATE_FUNCTION","request":{"@type":"type.googleapis.com/google.cloud.functions.v1.CloudFunction","name":"projects/prueba-auth-vuex-router/locations/us-central1/functions/webHooksNotif","httpsTrigger":{"url":"https://us-central1-prueba-auth-vuex-router.cloudfunctions.net/webHooksNotif","securityLevel":"SECURE_ALWAYS"},"status":"ACTIVE","entryPoint":"webHooksNotif","updateTime":"2022-11-24T16:17:15.343Z","versionId":"130","labels":{"deployment-tool":"cli-firebase","firebase-functions-hash":"459fd477aa0a2823114ddeee9c416e723274922c"},"sourceUploadUrl":"https://storage.googleapis.com/uploads-1090728644272.us-central1.cloudfunctions.appspot.com/2e07b05e-2135-4c91-9f71-55c5cd5d01ff.zip?GoogleAccessId=service-184901051080@gcf-admin-robot.iam.gserviceaccount.com&Expires=1669310286&Signature=Hm991jppg55M2X3h9yBkAdd6x082RObaZ2IPfSl3N5Wxt6QhL7ZClvfmV8EOjWJ9qINg1cEGTtOmHscLgbFGPdHMn8qOe1leUpaLkOuNmTTqikv7Y0Fa6E1uvEYEAPIZgCSwN5Fd7lzVHcXP%2FnCUiiDMQ9UWHIURvVUdVM%2FErcgRuJVCj4UPmuOteI6GpcoPyDoqHUumR2sh5PYpiywsQvst%2B6DnnsAvngv1ERUzMliE3VHwv1v30Gn2nrNFuvPTwr7DRa%2BsgIDLVvTw7d5HicvTLWZ5%2BAc9p6K8vibQ9b%2B2Ox6nS%2B5nzMjcrgj5%2Bc%2FykrVBhNm5HciLc0RG36sUkw%3D%3D","environmentVariables":{"FIREBASE_CONFIG":"{\"projectId\":\"prueba-auth-vuex-router\",\"databaseURL\":\"https://prueba-auth-vuex-router-default-rtdb.firebaseio.com\",\"storageBucket\":\"prueba-auth-vuex-router.appspot.com\",\"locationId\":\"southamerica-east1\"}","GCLOUD_PROJECT":"prueba-auth-vuex-router","EVENTARC_CLOUD_EVENT_SOURCE":"projects/prueba-auth-vuex-router/locations/us-central1/functions/mpActions"},"runtime":"nodejs16","buildId":"2a3923cd-c7a1-408e-be40-ab84df4459f4","buildName":"projects/184901051080/locations/us-central1/builds/2a3923cd-c7a1-408e-be40-ab84df4459f4","dockerRegistry":"ARTIFACT_REGISTRY"},"versionId":"131","updateTime":"2022-11-24T16:48:08Z"}}
[debug] [2022-11-24T16:48:08.527Z] >>> [apiv2][query] GET https://cloudfunctions.googleapis.com/v1/operations/cHJ1ZWJhLWF1dGgtdnVleC1yb3V0ZXIvdXMtY2VudHJhbDEvd2ViSG9va3NOb3RpZi95R1pJdHBLR3B3VQ [none]
[debug] [2022-11-24T16:48:09.231Z] <<< [apiv2][status] GET https://cloudfunctions.googleapis.com/v1/operations/cHJ1ZWJhLWF1dGgtdnVleC1yb3V0ZXIvdXMtY2VudHJhbDEvd2ViSG9va3NOb3RpZi95R1pJdHBLR3B3VQ 200
[debug] [2022-11-24T16:48:09.231Z] <<< [apiv2][body] GET https://cloudfunctions.googleapis.com/v1/operations/cHJ1ZWJhLWF1dGgtdnVleC1yb3V0ZXIvdXMtY2VudHJhbDEvd2ViSG9va3NOb3RpZi95R1pJdHBLR3B3VQ {"name":"operations/cHJ1ZWJhLWF1dGgtdnVleC1yb3V0ZXIvdXMtY2VudHJhbDEvd2ViSG9va3NOb3RpZi95R1pJdHBLR3B3VQ","metadata":{"@type":"type.googleapis.com/google.cloud.functions.v1.OperationMetadataV1","target":"projects/prueba-auth-vuex-router/locations/us-central1/functions/webHooksNotif","type":"UPDATE_FUNCTION","request":{"@type":"type.googleapis.com/google.cloud.functions.v1.CloudFunction","name":"projects/prueba-auth-vuex-router/locations/us-central1/functions/webHooksNotif","httpsTrigger":{"url":"https://us-central1-prueba-auth-vuex-router.cloudfunctions.net/webHooksNotif","securityLevel":"SECURE_ALWAYS"},"status":"ACTIVE","entryPoint":"webHooksNotif","updateTime":"2022-11-24T16:17:15.343Z","versionId":"130","labels":{"deployment-tool":"cli-firebase","firebase-functions-hash":"459fd477aa0a2823114ddeee9c416e723274922c"},"sourceUploadUrl":"https://storage.googleapis.com/uploads-1090728644272.us-central1.cloudfunctions.appspot.com/2e07b05e-2135-4c91-9f71-55c5cd5d01ff.zip?GoogleAccessId=service-184901051080@gcf-admin-robot.iam.gserviceaccount.com&Expires=1669310286&Signature=Hm991jppg55M2X3h9yBkAdd6x082RObaZ2IPfSl3N5Wxt6QhL7ZClvfmV8EOjWJ9qINg1cEGTtOmHscLgbFGPdHMn8qOe1leUpaLkOuNmTTqikv7Y0Fa6E1uvEYEAPIZgCSwN5Fd7lzVHcXP%2FnCUiiDMQ9UWHIURvVUdVM%2FErcgRuJVCj4UPmuOteI6GpcoPyDoqHUumR2sh5PYpiywsQvst%2B6DnnsAvngv1ERUzMliE3VHwv1v30Gn2nrNFuvPTwr7DRa%2BsgIDLVvTw7d5HicvTLWZ5%2BAc9p6K8vibQ9b%2B2Ox6nS%2B5nzMjcrgj5%2Bc%2FykrVBhNm5HciLc0RG36sUkw%3D%3D","environmentVariables":{"FIREBASE_CONFIG":"{\"projectId\":\"prueba-auth-vuex-router\",\"databaseURL\":\"https://prueba-auth-vuex-router-default-rtdb.firebaseio.com\",\"storageBucket\":\"prueba-auth-vuex-router.appspot.com\",\"locationId\":\"southamerica-east1\"}","GCLOUD_PROJECT":"prueba-auth-vuex-router","EVENTARC_CLOUD_EVENT_SOURCE":"projects/prueba-auth-vuex-router/locations/us-central1/functions/mpActions"},"runtime":"nodejs16","buildId":"2a3923cd-c7a1-408e-be40-ab84df4459f4","buildName":"projects/184901051080/locations/us-central1/builds/2a3923cd-c7a1-408e-be40-ab84df4459f4","dockerRegistry":"ARTIFACT_REGISTRY"},"versionId":"131","updateTime":"2022-11-24T16:48:08Z"}}
[debug] [2022-11-24T16:48:09.738Z] [update-default-us-central1-webHooksNotif] Retrying task index 0
[debug] [2022-11-24T16:48:09.738Z] >>> [apiv2][query] GET https://cloudfunctions.googleapis.com/v1/operations/cHJ1ZWJhLWF1dGgtdnVleC1yb3V0ZXIvdXMtY2VudHJhbDEvd2ViSG9va3NOb3RpZi95R1pJdHBLR3B3VQ [none]
[debug] [2022-11-24T16:48:10.415Z] <<< [apiv2][status] GET https://cloudfunctions.googleapis.com/v1/operations/cHJ1ZWJhLWF1dGgtdnVleC1yb3V0ZXIvdXMtY2VudHJhbDEvd2ViSG9va3NOb3RpZi95R1pJdHBLR3B3VQ 200
[debug] [2022-11-24T16:48:10.415Z] <<< [apiv2][body] GET https://cloudfunctions.googleapis.com/v1/operations/cHJ1ZWJhLWF1dGgtdnVleC1yb3V0ZXIvdXMtY2VudHJhbDEvd2ViSG9va3NOb3RpZi95R1pJdHBLR3B3VQ {"name":"operations/cHJ1ZWJhLWF1dGgtdnVleC1yb3V0ZXIvdXMtY2VudHJhbDEvd2ViSG9va3NOb3RpZi95R1pJdHBLR3B3VQ","metadata":{"@type":"type.googleapis.com/google.cloud.functions.v1.OperationMetadataV1","target":"projects/prueba-auth-vuex-router/locations/us-central1/functions/webHooksNotif","type":"UPDATE_FUNCTION","request":{"@type":"type.googleapis.com/google.cloud.functions.v1.CloudFunction","name":"projects/prueba-auth-vuex-router/locations/us-central1/functions/webHooksNotif","httpsTrigger":{"url":"https://us-central1-prueba-auth-vuex-router.cloudfunctions.net/webHooksNotif","securityLevel":"SECURE_ALWAYS"},"status":"ACTIVE","entryPoint":"webHooksNotif","updateTime":"2022-11-24T16:17:15.343Z","versionId":"130","labels":{"deployment-tool":"cli-firebase","firebase-functions-hash":"459fd477aa0a2823114ddeee9c416e723274922c"},"sourceUploadUrl":"https://storage.googleapis.com/uploads-1090728644272.us-central1.cloudfunctions.appspot.com/2e07b05e-2135-4c91-9f71-55c5cd5d01ff.zip?GoogleAccessId=service-184901051080@gcf-admin-robot.iam.gserviceaccount.com&Expires=1669310286&Signature=Hm991jppg55M2X3h9yBkAdd6x082RObaZ2IPfSl3N5Wxt6QhL7ZClvfmV8EOjWJ9qINg1cEGTtOmHscLgbFGPdHMn8qOe1leUpaLkOuNmTTqikv7Y0Fa6E1uvEYEAPIZgCSwN5Fd7lzVHcXP%2FnCUiiDMQ9UWHIURvVUdVM%2FErcgRuJVCj4UPmuOteI6GpcoPyDoqHUumR2sh5PYpiywsQvst%2B6DnnsAvngv1ERUzMliE3VHwv1v30Gn2nrNFuvPTwr7DRa%2BsgIDLVvTw7d5HicvTLWZ5%2BAc9p6K8vibQ9b%2B2Ox6nS%2B5nzMjcrgj5%2Bc%2FykrVBhNm5HciLc0RG36sUkw%3D%3D","environmentVariables":{"FIREBASE_CONFIG":"{\"projectId\":\"prueba-auth-vuex-router\",\"databaseURL\":\"https://prueba-auth-vuex-router-default-rtdb.firebaseio.com\",\"storageBucket\":\"prueba-auth-vuex-router.appspot.com\",\"locationId\":\"southamerica-east1\"}","GCLOUD_PROJECT":"prueba-auth-vuex-router","EVENTARC_CLOUD_EVENT_SOURCE":"projects/prueba-auth-vuex-router/locations/us-central1/functions/mpActions"},"runtime":"nodejs16","buildId":"2a3923cd-c7a1-408e-be40-ab84df4459f4","buildName":"projects/184901051080/locations/us-central1/builds/2a3923cd-c7a1-408e-be40-ab84df4459f4","dockerRegistry":"ARTIFACT_REGISTRY"},"versionId":"131","updateTime":"2022-11-24T16:48:08Z","buildId":"e4381fbc-dade-483f-9602-e82f033060ce","buildName":"projects/184901051080/locations/us-central1/builds/e4381fbc-dade-483f-9602-e82f033060ce"}}
[debug] [2022-11-24T16:48:11.426Z] [update-default-us-central1-webHooksNotif] Retrying task index 0
[debug] [2022-11-24T16:48:11.427Z] >>> [apiv2][query] GET https://cloudfunctions.googleapis.com/v1/operations/cHJ1ZWJhLWF1dGgtdnVleC1yb3V0ZXIvdXMtY2VudHJhbDEvd2ViSG9va3NOb3RpZi95R1pJdHBLR3B3VQ [none]
[debug] [2022-11-24T16:48:12.017Z] <<< [apiv2][status] GET https://cloudfunctions.googleapis.com/v1/operations/cHJ1ZWJhLWF1dGgtdnVleC1yb3V0ZXIvdXMtY2VudHJhbDEvd2ViSG9va3NOb3RpZi95R1pJdHBLR3B3VQ 200
[debug] [2022-11-24T16:48:12.017Z] <<< [apiv2][body] GET https://cloudfunctions.googleapis.com/v1/operations/cHJ1ZWJhLWF1dGgtdnVleC1yb3V0ZXIvdXMtY2VudHJhbDEvd2ViSG9va3NOb3RpZi95R1pJdHBLR3B3VQ {"name":"operations/cHJ1ZWJhLWF1dGgtdnVleC1yb3V0ZXIvdXMtY2VudHJhbDEvd2ViSG9va3NOb3RpZi95R1pJdHBLR3B3VQ","metadata":{"@type":"type.googleapis.com/google.cloud.functions.v1.OperationMetadataV1","target":"projects/prueba-auth-vuex-router/locations/us-central1/functions/webHooksNotif","type":"UPDATE_FUNCTION","request":{"@type":"type.googleapis.com/google.cloud.functions.v1.CloudFunction","name":"projects/prueba-auth-vuex-router/locations/us-central1/functions/webHooksNotif","httpsTrigger":{"url":"https://us-central1-prueba-auth-vuex-router.cloudfunctions.net/webHooksNotif","securityLevel":"SECURE_ALWAYS"},"status":"ACTIVE","entryPoint":"webHooksNotif","updateTime":"2022-11-24T16:17:15.343Z","versionId":"130","labels":{"deployment-tool":"cli-firebase","firebase-functions-hash":"459fd477aa0a2823114ddeee9c416e723274922c"},"sourceUploadUrl":"https://storage.googleapis.com/uploads-1090728644272.us-central1.cloudfunctions.appspot.com/2e07b05e-2135-4c91-9f71-55c5cd5d01ff.zip?GoogleAccessId=service-184901051080@gcf-admin-robot.iam.gserviceaccount.com&Expires=1669310286&Signature=Hm991jppg55M2X3h9yBkAdd6x082RObaZ2IPfSl3N5Wxt6QhL7ZClvfmV8EOjWJ9qINg1cEGTtOmHscLgbFGPdHMn8qOe1leUpaLkOuNmTTqikv7Y0Fa6E1uvEYEAPIZgCSwN5Fd7lzVHcXP%2FnCUiiDMQ9UWHIURvVUdVM%2FErcgRuJVCj4UPmuOteI6GpcoPyDoqHUumR2sh5PYpiywsQvst%2B6DnnsAvngv1ERUzMliE3VHwv1v30Gn2nrNFuvPTwr7DRa%2BsgIDLVvTw7d5HicvTLWZ5%2BAc9p6K8vibQ9b%2B2Ox6nS%2B5nzMjcrgj5%2Bc%2FykrVBhNm5HciLc0RG36sUkw%3D%3D","environmentVariables":{"FIREBASE_CONFIG":"{\"projectId\":\"prueba-auth-vuex-router\",\"databaseURL\":\"https://prueba-auth-vuex-router-default-rtdb.firebaseio.com\",\"storageBucket\":\"prueba-auth-vuex-router.appspot.com\",\"locationId\":\"southamerica-east1\"}","GCLOUD_PROJECT":"prueba-auth-vuex-router","EVENTARC_CLOUD_EVENT_SOURCE":"projects/prueba-auth-vuex-router/locations/us-central1/functions/mpActions"},"runtime":"nodejs16","buildId":"2a3923cd-c7a1-408e-be40-ab84df4459f4","buildName":"projects/184901051080/locations/us-central1/builds/2a3923cd-c7a1-408e-be40-ab84df4459f4","dockerRegistry":"ARTIFACT_REGISTRY"},"versionId":"131","updateTime":"2022-11-24T16:48:08Z","buildId":"e4381fbc-dade-483f-9602-e82f033060ce","buildName":"projects/184901051080/locations/us-central1/builds/e4381fbc-dade-483f-9602-e82f033060ce"}}
[debug] [2022-11-24T16:48:14.018Z] [update-default-us-central1-webHooksNotif] Retrying task index 0
[debug] [2022-11-24T16:48:14.018Z] >>> [apiv2][query] GET https://cloudfunctions.googleapis.com/v1/operations/cHJ1ZWJhLWF1dGgtdnVleC1yb3V0ZXIvdXMtY2VudHJhbDEvd2ViSG9va3NOb3RpZi95R1pJdHBLR3B3VQ [none]
[debug] [2022-11-24T16:48:14.402Z] <<< [apiv2][status] GET https://cloudfunctions.googleapis.com/v1/operations/cHJ1ZWJhLWF1dGgtdnVleC1yb3V0ZXIvdXMtY2VudHJhbDEvd2ViSG9va3NOb3RpZi95R1pJdHBLR3B3VQ 200
[debug] [2022-11-24T16:48:14.402Z] <<< [apiv2][body] GET https://cloudfunctions.googleapis.com/v1/operations/cHJ1ZWJhLWF1dGgtdnVleC1yb3V0ZXIvdXMtY2VudHJhbDEvd2ViSG9va3NOb3RpZi95R1pJdHBLR3B3VQ {"name":"operations/cHJ1ZWJhLWF1dGgtdnVleC1yb3V0ZXIvdXMtY2VudHJhbDEvd2ViSG9va3NOb3RpZi95R1pJdHBLR3B3VQ","metadata":{"@type":"type.googleapis.com/google.cloud.functions.v1.OperationMetadataV1","target":"projects/prueba-auth-vuex-router/locations/us-central1/functions/webHooksNotif","type":"UPDATE_FUNCTION","request":{"@type":"type.googleapis.com/google.cloud.functions.v1.CloudFunction","name":"projects/prueba-auth-vuex-router/locations/us-central1/functions/webHooksNotif","httpsTrigger":{"url":"https://us-central1-prueba-auth-vuex-router.cloudfunctions.net/webHooksNotif","securityLevel":"SECURE_ALWAYS"},"status":"ACTIVE","entryPoint":"webHooksNotif","updateTime":"2022-11-24T16:17:15.343Z","versionId":"130","labels":{"deployment-tool":"cli-firebase","firebase-functions-hash":"459fd477aa0a2823114ddeee9c416e723274922c"},"sourceUploadUrl":"https://storage.googleapis.com/uploads-1090728644272.us-central1.cloudfunctions.appspot.com/2e07b05e-2135-4c91-9f71-55c5cd5d01ff.zip?GoogleAccessId=service-184901051080@gcf-admin-robot.iam.gserviceaccount.com&Expires=1669310286&Signature=Hm991jppg55M2X3h9yBkAdd6x082RObaZ2IPfSl3N5Wxt6QhL7ZClvfmV8EOjWJ9qINg1cEGTtOmHscLgbFGPdHMn8qOe1leUpaLkOuNmTTqikv7Y0Fa6E1uvEYEAPIZgCSwN5Fd7lzVHcXP%2FnCUiiDMQ9UWHIURvVUdVM%2FErcgRuJVCj4UPmuOteI6GpcoPyDoqHUumR2sh5PYpiywsQvst%2B6DnnsAvngv1ERUzMliE3VHwv1v30Gn2nrNFuvPTwr7DRa%2BsgIDLVvTw7d5HicvTLWZ5%2BAc9p6K8vibQ9b%2B2Ox6nS%2B5nzMjcrgj5%2Bc%2FykrVBhNm5HciLc0RG36sUkw%3D%3D","environmentVariables":{"FIREBASE_CONFIG":"{\"projectId\":\"prueba-auth-vuex-router\",\"databaseURL\":\"https://prueba-auth-vuex-router-default-rtdb.firebaseio.com\",\"storageBucket\":\"prueba-auth-vuex-router.appspot.com\",\"locationId\":\"southamerica-east1\"}","GCLOUD_PROJECT":"prueba-auth-vuex-router","EVENTARC_CLOUD_EVENT_SOURCE":"projects/prueba-auth-vuex-router/locations/us-central1/functions/mpActions"},"runtime":"nodejs16","buildId":"2a3923cd-c7a1-408e-be40-ab84df4459f4","buildName":"projects/184901051080/locations/us-central1/builds/2a3923cd-c7a1-408e-be40-ab84df4459f4","dockerRegistry":"ARTIFACT_REGISTRY"},"versionId":"131","updateTime":"2022-11-24T16:48:08Z","buildId":"e4381fbc-dade-483f-9602-e82f033060ce","buildName":"projects/184901051080/locations/us-central1/builds/e4381fbc-dade-483f-9602-e82f033060ce"}}
[debug] [2022-11-24T16:48:18.415Z] [update-default-us-central1-webHooksNotif] Retrying task index 0
[debug] [2022-11-24T16:48:18.415Z] >>> [apiv2][query] GET https://cloudfunctions.googleapis.com/v1/operations/cHJ1ZWJhLWF1dGgtdnVleC1yb3V0ZXIvdXMtY2VudHJhbDEvd2ViSG9va3NOb3RpZi95R1pJdHBLR3B3VQ [none]
[debug] [2022-11-24T16:48:19.044Z] <<< [apiv2][status] GET https://cloudfunctions.googleapis.com/v1/operations/cHJ1ZWJhLWF1dGgtdnVleC1yb3V0ZXIvdXMtY2VudHJhbDEvd2ViSG9va3NOb3RpZi95R1pJdHBLR3B3VQ 200
[debug] [2022-11-24T16:48:19.044Z] <<< [apiv2][body] GET https://cloudfunctions.googleapis.com/v1/operations/cHJ1ZWJhLWF1dGgtdnVleC1yb3V0ZXIvdXMtY2VudHJhbDEvd2ViSG9va3NOb3RpZi95R1pJdHBLR3B3VQ {"name":"operations/cHJ1ZWJhLWF1dGgtdnVleC1yb3V0ZXIvdXMtY2VudHJhbDEvd2ViSG9va3NOb3RpZi95R1pJdHBLR3B3VQ","metadata":{"@type":"type.googleapis.com/google.cloud.functions.v1.OperationMetadataV1","target":"projects/prueba-auth-vuex-router/locations/us-central1/functions/webHooksNotif","type":"UPDATE_FUNCTION","request":{"@type":"type.googleapis.com/google.cloud.functions.v1.CloudFunction","name":"projects/prueba-auth-vuex-router/locations/us-central1/functions/webHooksNotif","httpsTrigger":{"url":"https://us-central1-prueba-auth-vuex-router.cloudfunctions.net/webHooksNotif","securityLevel":"SECURE_ALWAYS"},"status":"ACTIVE","entryPoint":"webHooksNotif","updateTime":"2022-11-24T16:17:15.343Z","versionId":"130","labels":{"deployment-tool":"cli-firebase","firebase-functions-hash":"459fd477aa0a2823114ddeee9c416e723274922c"},"sourceUploadUrl":"https://storage.googleapis.com/uploads-1090728644272.us-central1.cloudfunctions.appspot.com/2e07b05e-2135-4c91-9f71-55c5cd5d01ff.zip?GoogleAccessId=service-184901051080@gcf-admin-robot.iam.gserviceaccount.com&Expires=1669310286&Signature=Hm991jppg55M2X3h9yBkAdd6x082RObaZ2IPfSl3N5Wxt6QhL7ZClvfmV8EOjWJ9qINg1cEGTtOmHscLgbFGPdHMn8qOe1leUpaLkOuNmTTqikv7Y0Fa6E1uvEYEAPIZgCSwN5Fd7lzVHcXP%2FnCUiiDMQ9UWHIURvVUdVM%2FErcgRuJVCj4UPmuOteI6GpcoPyDoqHUumR2sh5PYpiywsQvst%2B6DnnsAvngv1ERUzMliE3VHwv1v30Gn2nrNFuvPTwr7DRa%2BsgIDLVvTw7d5HicvTLWZ5%2BAc9p6K8vibQ9b%2B2Ox6nS%2B5nzMjcrgj5%2Bc%2FykrVBhNm5HciLc0RG36sUkw%3D%3D","environmentVariables":{"FIREBASE_CONFIG":"{\"projectId\":\"prueba-auth-vuex-router\",\"databaseURL\":\"https://prueba-auth-vuex-router-default-rtdb.firebaseio.com\",\"storageBucket\":\"prueba-auth-vuex-router.appspot.com\",\"locationId\":\"southamerica-east1\"}","GCLOUD_PROJECT":"prueba-auth-vuex-router","EVENTARC_CLOUD_EVENT_SOURCE":"projects/prueba-auth-vuex-router/locations/us-central1/functions/mpActions"},"runtime":"nodejs16","buildId":"2a3923cd-c7a1-408e-be40-ab84df4459f4","buildName":"projects/184901051080/locations/us-central1/builds/2a3923cd-c7a1-408e-be40-ab84df4459f4","dockerRegistry":"ARTIFACT_REGISTRY"},"versionId":"131","updateTime":"2022-11-24T16:48:08Z","buildId":"e4381fbc-dade-483f-9602-e82f033060ce","buildName":"projects/184901051080/locations/us-central1/builds/e4381fbc-dade-483f-9602-e82f033060ce"}}
[debug] [2022-11-24T16:48:27.045Z] [update-default-us-central1-webHooksNotif] Retrying task index 0
[debug] [2022-11-24T16:48:27.046Z] >>> [apiv2][query] GET https://cloudfunctions.googleapis.com/v1/operations/cHJ1ZWJhLWF1dGgtdnVleC1yb3V0ZXIvdXMtY2VudHJhbDEvd2ViSG9va3NOb3RpZi95R1pJdHBLR3B3VQ [none]
[debug] [2022-11-24T16:48:28.265Z] <<< [apiv2][status] GET https://cloudfunctions.googleapis.com/v1/operations/cHJ1ZWJhLWF1dGgtdnVleC1yb3V0ZXIvdXMtY2VudHJhbDEvd2ViSG9va3NOb3RpZi95R1pJdHBLR3B3VQ 200
[debug] [2022-11-24T16:48:28.265Z] <<< [apiv2][body] GET https://cloudfunctions.googleapis.com/v1/operations/cHJ1ZWJhLWF1dGgtdnVleC1yb3V0ZXIvdXMtY2VudHJhbDEvd2ViSG9va3NOb3RpZi95R1pJdHBLR3B3VQ {"name":"operations/cHJ1ZWJhLWF1dGgtdnVleC1yb3V0ZXIvdXMtY2VudHJhbDEvd2ViSG9va3NOb3RpZi95R1pJdHBLR3B3VQ","metadata":{"@type":"type.googleapis.com/google.cloud.functions.v1.OperationMetadataV1","target":"projects/prueba-auth-vuex-router/locations/us-central1/functions/webHooksNotif","type":"UPDATE_FUNCTION","request":{"@type":"type.googleapis.com/google.cloud.functions.v1.CloudFunction","name":"projects/prueba-auth-vuex-router/locations/us-central1/functions/webHooksNotif","httpsTrigger":{"url":"https://us-central1-prueba-auth-vuex-router.cloudfunctions.net/webHooksNotif","securityLevel":"SECURE_ALWAYS"},"status":"ACTIVE","entryPoint":"webHooksNotif","updateTime":"2022-11-24T16:17:15.343Z","versionId":"130","labels":{"deployment-tool":"cli-firebase","firebase-functions-hash":"459fd477aa0a2823114ddeee9c416e723274922c"},"sourceUploadUrl":"https://storage.googleapis.com/uploads-1090728644272.us-central1.cloudfunctions.appspot.com/2e07b05e-2135-4c91-9f71-55c5cd5d01ff.zip?GoogleAccessId=service-184901051080@gcf-admin-robot.iam.gserviceaccount.com&Expires=1669310286&Signature=Hm991jppg55M2X3h9yBkAdd6x082RObaZ2IPfSl3N5Wxt6QhL7ZClvfmV8EOjWJ9qINg1cEGTtOmHscLgbFGPdHMn8qOe1leUpaLkOuNmTTqikv7Y0Fa6E1uvEYEAPIZgCSwN5Fd7lzVHcXP%2FnCUiiDMQ9UWHIURvVUdVM%2FErcgRuJVCj4UPmuOteI6GpcoPyDoqHUumR2sh5PYpiywsQvst%2B6DnnsAvngv1ERUzMliE3VHwv1v30Gn2nrNFuvPTwr7DRa%2BsgIDLVvTw7d5HicvTLWZ5%2BAc9p6K8vibQ9b%2B2Ox6nS%2B5nzMjcrgj5%2Bc%2FykrVBhNm5HciLc0RG36sUkw%3D%3D","environmentVariables":{"FIREBASE_CONFIG":"{\"projectId\":\"prueba-auth-vuex-router\",\"databaseURL\":\"https://prueba-auth-vuex-router-default-rtdb.firebaseio.com\",\"storageBucket\":\"prueba-auth-vuex-router.appspot.com\",\"locationId\":\"southamerica-east1\"}","GCLOUD_PROJECT":"prueba-auth-vuex-router","EVENTARC_CLOUD_EVENT_SOURCE":"projects/prueba-auth-vuex-router/locations/us-central1/functions/mpActions"},"runtime":"nodejs16","buildId":"2a3923cd-c7a1-408e-be40-ab84df4459f4","buildName":"projects/184901051080/locations/us-central1/builds/2a3923cd-c7a1-408e-be40-ab84df4459f4","dockerRegistry":"ARTIFACT_REGISTRY"},"versionId":"131","updateTime":"2022-11-24T16:48:08Z","buildId":"e4381fbc-dade-483f-9602-e82f033060ce","buildName":"projects/184901051080/locations/us-central1/builds/e4381fbc-dade-483f-9602-e82f033060ce"}}
[debug] [2022-11-24T16:48:38.265Z] [update-default-us-central1-webHooksNotif] Retrying task index 0
[debug] [2022-11-24T16:48:38.265Z] >>> [apiv2][query] GET https://cloudfunctions.googleapis.com/v1/operations/cHJ1ZWJhLWF1dGgtdnVleC1yb3V0ZXIvdXMtY2VudHJhbDEvd2ViSG9va3NOb3RpZi95R1pJdHBLR3B3VQ [none]
[debug] [2022-11-24T16:48:38.842Z] <<< [apiv2][status] GET https://cloudfunctions.googleapis.com/v1/operations/cHJ1ZWJhLWF1dGgtdnVleC1yb3V0ZXIvdXMtY2VudHJhbDEvd2ViSG9va3NOb3RpZi95R1pJdHBLR3B3VQ 200
[debug] [2022-11-24T16:48:38.842Z] <<< [apiv2][body] GET https://cloudfunctions.googleapis.com/v1/operations/cHJ1ZWJhLWF1dGgtdnVleC1yb3V0ZXIvdXMtY2VudHJhbDEvd2ViSG9va3NOb3RpZi95R1pJdHBLR3B3VQ {"name":"operations/cHJ1ZWJhLWF1dGgtdnVleC1yb3V0ZXIvdXMtY2VudHJhbDEvd2ViSG9va3NOb3RpZi95R1pJdHBLR3B3VQ","metadata":{"@type":"type.googleapis.com/google.cloud.functions.v1.OperationMetadataV1","target":"projects/prueba-auth-vuex-router/locations/us-central1/functions/webHooksNotif","type":"UPDATE_FUNCTION","request":{"@type":"type.googleapis.com/google.cloud.functions.v1.CloudFunction","name":"projects/prueba-auth-vuex-router/locations/us-central1/functions/webHooksNotif","httpsTrigger":{"url":"https://us-central1-prueba-auth-vuex-router.cloudfunctions.net/webHooksNotif","securityLevel":"SECURE_ALWAYS"},"status":"ACTIVE","entryPoint":"webHooksNotif","updateTime":"2022-11-24T16:17:15.343Z","versionId":"130","labels":{"deployment-tool":"cli-firebase","firebase-functions-hash":"459fd477aa0a2823114ddeee9c416e723274922c"},"sourceUploadUrl":"https://storage.googleapis.com/uploads-1090728644272.us-central1.cloudfunctions.appspot.com/2e07b05e-2135-4c91-9f71-55c5cd5d01ff.zip?GoogleAccessId=service-184901051080@gcf-admin-robot.iam.gserviceaccount.com&Expires=1669310286&Signature=Hm991jppg55M2X3h9yBkAdd6x082RObaZ2IPfSl3N5Wxt6QhL7ZClvfmV8EOjWJ9qINg1cEGTtOmHscLgbFGPdHMn8qOe1leUpaLkOuNmTTqikv7Y0Fa6E1uvEYEAPIZgCSwN5Fd7lzVHcXP%2FnCUiiDMQ9UWHIURvVUdVM%2FErcgRuJVCj4UPmuOteI6GpcoPyDoqHUumR2sh5PYpiywsQvst%2B6DnnsAvngv1ERUzMliE3VHwv1v30Gn2nrNFuvPTwr7DRa%2BsgIDLVvTw7d5HicvTLWZ5%2BAc9p6K8vibQ9b%2B2Ox6nS%2B5nzMjcrgj5%2Bc%2FykrVBhNm5HciLc0RG36sUkw%3D%3D","environmentVariables":{"FIREBASE_CONFIG":"{\"projectId\":\"prueba-auth-vuex-router\",\"databaseURL\":\"https://prueba-auth-vuex-router-default-rtdb.firebaseio.com\",\"storageBucket\":\"prueba-auth-vuex-router.appspot.com\",\"locationId\":\"southamerica-east1\"}","GCLOUD_PROJECT":"prueba-auth-vuex-router","EVENTARC_CLOUD_EVENT_SOURCE":"projects/prueba-auth-vuex-router/locations/us-central1/functions/mpActions"},"runtime":"nodejs16","buildId":"2a3923cd-c7a1-408e-be40-ab84df4459f4","buildName":"projects/184901051080/locations/us-central1/builds/2a3923cd-c7a1-408e-be40-ab84df4459f4","dockerRegistry":"ARTIFACT_REGISTRY"},"versionId":"131","updateTime":"2022-11-24T16:48:08Z","buildId":"e4381fbc-dade-483f-9602-e82f033060ce","buildName":"projects/184901051080/locations/us-central1/builds/e4381fbc-dade-483f-9602-e82f033060ce"}}
[debug] [2022-11-24T16:48:48.842Z] [update-default-us-central1-webHooksNotif] Retrying task index 0
[debug] [2022-11-24T16:48:48.842Z] >>> [apiv2][query] GET https://cloudfunctions.googleapis.com/v1/operations/cHJ1ZWJhLWF1dGgtdnVleC1yb3V0ZXIvdXMtY2VudHJhbDEvd2ViSG9va3NOb3RpZi95R1pJdHBLR3B3VQ [none]
[debug] [2022-11-24T16:48:49.430Z] <<< [apiv2][status] GET https://cloudfunctions.googleapis.com/v1/operations/cHJ1ZWJhLWF1dGgtdnVleC1yb3V0ZXIvdXMtY2VudHJhbDEvd2ViSG9va3NOb3RpZi95R1pJdHBLR3B3VQ 200
[debug] [2022-11-24T16:48:49.430Z] <<< [apiv2][body] GET https://cloudfunctions.googleapis.com/v1/operations/cHJ1ZWJhLWF1dGgtdnVleC1yb3V0ZXIvdXMtY2VudHJhbDEvd2ViSG9va3NOb3RpZi95R1pJdHBLR3B3VQ {"name":"operations/cHJ1ZWJhLWF1dGgtdnVleC1yb3V0ZXIvdXMtY2VudHJhbDEvd2ViSG9va3NOb3RpZi95R1pJdHBLR3B3VQ","metadata":{"@type":"type.googleapis.com/google.cloud.functions.v1.OperationMetadataV1","target":"projects/prueba-auth-vuex-router/locations/us-central1/functions/webHooksNotif","type":"UPDATE_FUNCTION","request":{"@type":"type.googleapis.com/google.cloud.functions.v1.CloudFunction","name":"projects/prueba-auth-vuex-router/locations/us-central1/functions/webHooksNotif","httpsTrigger":{"url":"https://us-central1-prueba-auth-vuex-router.cloudfunctions.net/webHooksNotif","securityLevel":"SECURE_ALWAYS"},"status":"ACTIVE","entryPoint":"webHooksNotif","updateTime":"2022-11-24T16:17:15.343Z","versionId":"130","labels":{"deployment-tool":"cli-firebase","firebase-functions-hash":"459fd477aa0a2823114ddeee9c416e723274922c"},"sourceUploadUrl":"https://storage.googleapis.com/uploads-1090728644272.us-central1.cloudfunctions.appspot.com/2e07b05e-2135-4c91-9f71-55c5cd5d01ff.zip?GoogleAccessId=service-184901051080@gcf-admin-robot.iam.gserviceaccount.com&Expires=1669310286&Signature=Hm991jppg55M2X3h9yBkAdd6x082RObaZ2IPfSl3N5Wxt6QhL7ZClvfmV8EOjWJ9qINg1cEGTtOmHscLgbFGPdHMn8qOe1leUpaLkOuNmTTqikv7Y0Fa6E1uvEYEAPIZgCSwN5Fd7lzVHcXP%2FnCUiiDMQ9UWHIURvVUdVM%2FErcgRuJVCj4UPmuOteI6GpcoPyDoqHUumR2sh5PYpiywsQvst%2B6DnnsAvngv1ERUzMliE3VHwv1v30Gn2nrNFuvPTwr7DRa%2BsgIDLVvTw7d5HicvTLWZ5%2BAc9p6K8vibQ9b%2B2Ox6nS%2B5nzMjcrgj5%2Bc%2FykrVBhNm5HciLc0RG36sUkw%3D%3D","environmentVariables":{"FIREBASE_CONFIG":"{\"projectId\":\"prueba-auth-vuex-router\",\"databaseURL\":\"https://prueba-auth-vuex-router-default-rtdb.firebaseio.com\",\"storageBucket\":\"prueba-auth-vuex-router.appspot.com\",\"locationId\":\"southamerica-east1\"}","GCLOUD_PROJECT":"prueba-auth-vuex-router","EVENTARC_CLOUD_EVENT_SOURCE":"projects/prueba-auth-vuex-router/locations/us-central1/functions/mpActions"},"runtime":"nodejs16","buildId":"2a3923cd-c7a1-408e-be40-ab84df4459f4","buildName":"projects/184901051080/locations/us-central1/builds/2a3923cd-c7a1-408e-be40-ab84df4459f4","dockerRegistry":"ARTIFACT_REGISTRY"},"versionId":"131","updateTime":"2022-11-24T16:48:08Z","buildId":"e4381fbc-dade-483f-9602-e82f033060ce","buildName":"projects/184901051080/locations/us-central1/builds/e4381fbc-dade-483f-9602-e82f033060ce"}}
[debug] [2022-11-24T16:48:59.436Z] [update-default-us-central1-webHooksNotif] Retrying task index 0
[debug] [2022-11-24T16:48:59.436Z] >>> [apiv2][query] GET https://cloudfunctions.googleapis.com/v1/operations/cHJ1ZWJhLWF1dGgtdnVleC1yb3V0ZXIvdXMtY2VudHJhbDEvd2ViSG9va3NOb3RpZi95R1pJdHBLR3B3VQ [none]
[debug] [2022-11-24T16:49:00.059Z] <<< [apiv2][status] GET https://cloudfunctions.googleapis.com/v1/operations/cHJ1ZWJhLWF1dGgtdnVleC1yb3V0ZXIvdXMtY2VudHJhbDEvd2ViSG9va3NOb3RpZi95R1pJdHBLR3B3VQ 200
[debug] [2022-11-24T16:49:00.059Z] <<< [apiv2][body] GET https://cloudfunctions.googleapis.com/v1/operations/cHJ1ZWJhLWF1dGgtdnVleC1yb3V0ZXIvdXMtY2VudHJhbDEvd2ViSG9va3NOb3RpZi95R1pJdHBLR3B3VQ {"name":"operations/cHJ1ZWJhLWF1dGgtdnVleC1yb3V0ZXIvdXMtY2VudHJhbDEvd2ViSG9va3NOb3RpZi95R1pJdHBLR3B3VQ","metadata":{"@type":"type.googleapis.com/google.cloud.functions.v1.OperationMetadataV1","target":"projects/prueba-auth-vuex-router/locations/us-central1/functions/webHooksNotif","type":"UPDATE_FUNCTION","request":{"@type":"type.googleapis.com/google.cloud.functions.v1.CloudFunction","name":"projects/prueba-auth-vuex-router/locations/us-central1/functions/webHooksNotif","httpsTrigger":{"url":"https://us-central1-prueba-auth-vuex-router.cloudfunctions.net/webHooksNotif","securityLevel":"SECURE_ALWAYS"},"status":"ACTIVE","entryPoint":"webHooksNotif","updateTime":"2022-11-24T16:17:15.343Z","versionId":"130","labels":{"deployment-tool":"cli-firebase","firebase-functions-hash":"459fd477aa0a2823114ddeee9c416e723274922c"},"sourceUploadUrl":"https://storage.googleapis.com/uploads-1090728644272.us-central1.cloudfunctions.appspot.com/2e07b05e-2135-4c91-9f71-55c5cd5d01ff.zip?GoogleAccessId=service-184901051080@gcf-admin-robot.iam.gserviceaccount.com&Expires=1669310286&Signature=Hm991jppg55M2X3h9yBkAdd6x082RObaZ2IPfSl3N5Wxt6QhL7ZClvfmV8EOjWJ9qINg1cEGTtOmHscLgbFGPdHMn8qOe1leUpaLkOuNmTTqikv7Y0Fa6E1uvEYEAPIZgCSwN5Fd7lzVHcXP%2FnCUiiDMQ9UWHIURvVUdVM%2FErcgRuJVCj4UPmuOteI6GpcoPyDoqHUumR2sh5PYpiywsQvst%2B6DnnsAvngv1ERUzMliE3VHwv1v30Gn2nrNFuvPTwr7DRa%2BsgIDLVvTw7d5HicvTLWZ5%2BAc9p6K8vibQ9b%2B2Ox6nS%2B5nzMjcrgj5%2Bc%2FykrVBhNm5HciLc0RG36sUkw%3D%3D","environmentVariables":{"FIREBASE_CONFIG":"{\"projectId\":\"prueba-auth-vuex-router\",\"databaseURL\":\"https://prueba-auth-vuex-router-default-rtdb.firebaseio.com\",\"storageBucket\":\"prueba-auth-vuex-router.appspot.com\",\"locationId\":\"southamerica-east1\"}","GCLOUD_PROJECT":"prueba-auth-vuex-router","EVENTARC_CLOUD_EVENT_SOURCE":"projects/prueba-auth-vuex-router/locations/us-central1/functions/mpActions"},"runtime":"nodejs16","buildId":"2a3923cd-c7a1-408e-be40-ab84df4459f4","buildName":"projects/184901051080/locations/us-central1/builds/2a3923cd-c7a1-408e-be40-ab84df4459f4","dockerRegistry":"ARTIFACT_REGISTRY"},"versionId":"131","updateTime":"2022-11-24T16:48:08Z","buildId":"e4381fbc-dade-483f-9602-e82f033060ce","buildName":"projects/184901051080/locations/us-central1/builds/e4381fbc-dade-483f-9602-e82f033060ce"}}
[debug] [2022-11-24T16:49:10.061Z] [update-default-us-central1-webHooksNotif] Retrying task index 0
[debug] [2022-11-24T16:49:10.061Z] >>> [apiv2][query] GET https://cloudfunctions.googleapis.com/v1/operations/cHJ1ZWJhLWF1dGgtdnVleC1yb3V0ZXIvdXMtY2VudHJhbDEvd2ViSG9va3NOb3RpZi95R1pJdHBLR3B3VQ [none]
[debug] [2022-11-24T16:49:10.710Z] <<< [apiv2][status] GET https://cloudfunctions.googleapis.com/v1/operations/cHJ1ZWJhLWF1dGgtdnVleC1yb3V0ZXIvdXMtY2VudHJhbDEvd2ViSG9va3NOb3RpZi95R1pJdHBLR3B3VQ 200
[debug] [2022-11-24T16:49:10.710Z] <<< [apiv2][body] GET https://cloudfunctions.googleapis.com/v1/operations/cHJ1ZWJhLWF1dGgtdnVleC1yb3V0ZXIvdXMtY2VudHJhbDEvd2ViSG9va3NOb3RpZi95R1pJdHBLR3B3VQ {"name":"operations/cHJ1ZWJhLWF1dGgtdnVleC1yb3V0ZXIvdXMtY2VudHJhbDEvd2ViSG9va3NOb3RpZi95R1pJdHBLR3B3VQ","metadata":{"@type":"type.googleapis.com/google.cloud.functions.v1.OperationMetadataV1","target":"projects/prueba-auth-vuex-router/locations/us-central1/functions/webHooksNotif","type":"UPDATE_FUNCTION","request":{"@type":"type.googleapis.com/google.cloud.functions.v1.CloudFunction","name":"projects/prueba-auth-vuex-router/locations/us-central1/functions/webHooksNotif","httpsTrigger":{"url":"https://us-central1-prueba-auth-vuex-router.cloudfunctions.net/webHooksNotif","securityLevel":"SECURE_ALWAYS"},"status":"ACTIVE","entryPoint":"webHooksNotif","updateTime":"2022-11-24T16:17:15.343Z","versionId":"130","labels":{"deployment-tool":"cli-firebase","firebase-functions-hash":"459fd477aa0a2823114ddeee9c416e723274922c"},"sourceUploadUrl":"https://storage.googleapis.com/uploads-1090728644272.us-central1.cloudfunctions.appspot.com/2e07b05e-2135-4c91-9f71-55c5cd5d01ff.zip?GoogleAccessId=service-184901051080@gcf-admin-robot.iam.gserviceaccount.com&Expires=1669310286&Signature=Hm991jppg55M2X3h9yBkAdd6x082RObaZ2IPfSl3N5Wxt6QhL7ZClvfmV8EOjWJ9qINg1cEGTtOmHscLgbFGPdHMn8qOe1leUpaLkOuNmTTqikv7Y0Fa6E1uvEYEAPIZgCSwN5Fd7lzVHcXP%2FnCUiiDMQ9UWHIURvVUdVM%2FErcgRuJVCj4UPmuOteI6GpcoPyDoqHUumR2sh5PYpiywsQvst%2B6DnnsAvngv1ERUzMliE3VHwv1v30Gn2nrNFuvPTwr7DRa%2BsgIDLVvTw7d5HicvTLWZ5%2BAc9p6K8vibQ9b%2B2Ox6nS%2B5nzMjcrgj5%2Bc%2FykrVBhNm5HciLc0RG36sUkw%3D%3D","environmentVariables":{"FIREBASE_CONFIG":"{\"projectId\":\"prueba-auth-vuex-router\",\"databaseURL\":\"https://prueba-auth-vuex-router-default-rtdb.firebaseio.com\",\"storageBucket\":\"prueba-auth-vuex-router.appspot.com\",\"locationId\":\"southamerica-east1\"}","GCLOUD_PROJECT":"prueba-auth-vuex-router","EVENTARC_CLOUD_EVENT_SOURCE":"projects/prueba-auth-vuex-router/locations/us-central1/functions/mpActions"},"runtime":"nodejs16","buildId":"2a3923cd-c7a1-408e-be40-ab84df4459f4","buildName":"projects/184901051080/locations/us-central1/builds/2a3923cd-c7a1-408e-be40-ab84df4459f4","dockerRegistry":"ARTIFACT_REGISTRY"},"versionId":"131","updateTime":"2022-11-24T16:48:08Z","buildId":"e4381fbc-dade-483f-9602-e82f033060ce","sourceToken":"cd5ffeec-02cf-4a17-934d-3b37153bcee7","buildName":"projects/184901051080/locations/us-central1/builds/e4381fbc-dade-483f-9602-e82f033060ce"}}
[debug] [2022-11-24T16:49:10.710Z] Got source token cd5ffeec-02cf-4a17-934d-3b37153bcee7 for region us-central1
[debug] [2022-11-24T16:49:10.710Z] >>> [apiv2][query] PATCH https://cloudfunctions.googleapis.com/v1/projects/prueba-auth-vuex-router/locations/us-central1/functions/mpActions updateMask=name%2CsourceUploadUrl%2CentryPoint%2Cruntime%2CdockerRegistry%2Clabels%2ChttpsTrigger.securityLevel%2CminInstances%2CmaxInstances%2CingressSettings%2CenvironmentVariables%2CserviceAccountEmail%2CavailableMemoryMb%2Ctimeout%2CvpcConnector%2CvpcConnectorEgressSettings%2CsourceToken
[debug] [2022-11-24T16:49:10.710Z] >>> [apiv2][body] PATCH https://cloudfunctions.googleapis.com/v1/projects/prueba-auth-vuex-router/locations/us-central1/functions/mpActions {"name":"projects/prueba-auth-vuex-router/locations/us-central1/functions/mpActions","sourceUploadUrl":"https://storage.googleapis.com/uploads-1090728644272.us-central1.cloudfunctions.appspot.com/2e07b05e-2135-4c91-9f71-55c5cd5d01ff.zip?GoogleAccessId=service-184901051080@gcf-admin-robot.iam.gserviceaccount.com&Expires=1669310286&Signature=Hm991jppg55M2X3h9yBkAdd6x082RObaZ2IPfSl3N5Wxt6QhL7ZClvfmV8EOjWJ9qINg1cEGTtOmHscLgbFGPdHMn8qOe1leUpaLkOuNmTTqikv7Y0Fa6E1uvEYEAPIZgCSwN5Fd7lzVHcXP%2FnCUiiDMQ9UWHIURvVUdVM%2FErcgRuJVCj4UPmuOteI6GpcoPyDoqHUumR2sh5PYpiywsQvst%2B6DnnsAvngv1ERUzMliE3VHwv1v30Gn2nrNFuvPTwr7DRa%2BsgIDLVvTw7d5HicvTLWZ5%2BAc9p6K8vibQ9b%2B2Ox6nS%2B5nzMjcrgj5%2Bc%2FykrVBhNm5HciLc0RG36sUkw%3D%3D","entryPoint":"mpActions","runtime":"nodejs16","dockerRegistry":"ARTIFACT_REGISTRY","labels":{"deployment-tool":"cli-firebase","firebase-functions-hash":"459fd477aa0a2823114ddeee9c416e723274922c"},"httpsTrigger":{"securityLevel":"SECURE_ALWAYS"},"minInstances":null,"maxInstances":null,"ingressSettings":null,"environmentVariables":{"FIREBASE_CONFIG":"{\"projectId\":\"prueba-auth-vuex-router\",\"databaseURL\":\"https://prueba-auth-vuex-router-default-rtdb.firebaseio.com\",\"storageBucket\":\"prueba-auth-vuex-router.appspot.com\",\"locationId\":\"southamerica-east1\"}","GCLOUD_PROJECT":"prueba-auth-vuex-router","EVENTARC_CLOUD_EVENT_SOURCE":"projects/prueba-auth-vuex-router/locations/us-central1/functions/mpActions"},"serviceAccountEmail":null,"availableMemoryMb":null,"timeout":null,"vpcConnector":null,"vpcConnectorEgressSettings":null,"sourceToken":"cd5ffeec-02cf-4a17-934d-3b37153bcee7"}
[debug] [2022-11-24T16:49:11.711Z] <<< [apiv2][status] PATCH https://cloudfunctions.googleapis.com/v1/projects/prueba-auth-vuex-router/locations/us-central1/functions/mpActions 200
[debug] [2022-11-24T16:49:11.711Z] <<< [apiv2][body] PATCH https://cloudfunctions.googleapis.com/v1/projects/prueba-auth-vuex-router/locations/us-central1/functions/mpActions {"name":"operations/cHJ1ZWJhLWF1dGgtdnVleC1yb3V0ZXIvdXMtY2VudHJhbDEvbXBBY3Rpb25zL1lnM1Y1RGZtWFFF","metadata":{"@type":"type.googleapis.com/google.cloud.functions.v1.OperationMetadataV1","target":"projects/prueba-auth-vuex-router/locations/us-central1/functions/mpActions","type":"UPDATE_FUNCTION","request":{"@type":"type.googleapis.com/google.cloud.functions.v1.CloudFunction","name":"projects/prueba-auth-vuex-router/locations/us-central1/functions/mpActions","httpsTrigger":{"url":"https://us-central1-prueba-auth-vuex-router.cloudfunctions.net/mpActions","securityLevel":"SECURE_ALWAYS"},"status":"ACTIVE","entryPoint":"mpActions","updateTime":"2022-11-24T16:17:20.457Z","versionId":"127","labels":{"deployment-tool":"cli-firebase","firebase-functions-hash":"459fd477aa0a2823114ddeee9c416e723274922c"},"sourceUploadUrl":"https://storage.googleapis.com/uploads-1090728644272.us-central1.cloudfunctions.appspot.com/2e07b05e-2135-4c91-9f71-55c5cd5d01ff.zip?GoogleAccessId=service-184901051080@gcf-admin-robot.iam.gserviceaccount.com&Expires=1669310286&Signature=Hm991jppg55M2X3h9yBkAdd6x082RObaZ2IPfSl3N5Wxt6QhL7ZClvfmV8EOjWJ9qINg1cEGTtOmHscLgbFGPdHMn8qOe1leUpaLkOuNmTTqikv7Y0Fa6E1uvEYEAPIZgCSwN5Fd7lzVHcXP%2FnCUiiDMQ9UWHIURvVUdVM%2FErcgRuJVCj4UPmuOteI6GpcoPyDoqHUumR2sh5PYpiywsQvst%2B6DnnsAvngv1ERUzMliE3VHwv1v30Gn2nrNFuvPTwr7DRa%2BsgIDLVvTw7d5HicvTLWZ5%2BAc9p6K8vibQ9b%2B2Ox6nS%2B5nzMjcrgj5%2Bc%2FykrVBhNm5HciLc0RG36sUkw%3D%3D","environmentVariables":{"FIREBASE_CONFIG":"{\"projectId\":\"prueba-auth-vuex-router\",\"databaseURL\":\"https://prueba-auth-vuex-router-default-rtdb.firebaseio.com\",\"storageBucket\":\"prueba-auth-vuex-router.appspot.com\",\"locationId\":\"southamerica-east1\"}","GCLOUD_PROJECT":"prueba-auth-vuex-router","EVENTARC_CLOUD_EVENT_SOURCE":"projects/prueba-auth-vuex-router/locations/us-central1/functions/mpActions"},"runtime":"nodejs16","buildId":"2a3923cd-c7a1-408e-be40-ab84df4459f4","sourceToken":"cd5ffeec-02cf-4a17-934d-3b37153bcee7","buildName":"projects/184901051080/locations/us-central1/builds/2a3923cd-c7a1-408e-be40-ab84df4459f4","dockerRegistry":"ARTIFACT_REGISTRY"},"versionId":"128","updateTime":"2022-11-24T16:49:11Z","sourceToken":"cd5ffeec-02cf-4a17-934d-3b37153bcee7"}}
[debug] [2022-11-24T16:49:11.712Z] >>> [apiv2][query] GET https://cloudfunctions.googleapis.com/v1/operations/cHJ1ZWJhLWF1dGgtdnVleC1yb3V0ZXIvdXMtY2VudHJhbDEvbXBBY3Rpb25zL1lnM1Y1RGZtWFFF [none]
[debug] [2022-11-24T16:49:12.361Z] <<< [apiv2][status] GET https://cloudfunctions.googleapis.com/v1/operations/cHJ1ZWJhLWF1dGgtdnVleC1yb3V0ZXIvdXMtY2VudHJhbDEvbXBBY3Rpb25zL1lnM1Y1RGZtWFFF 200
[debug] [2022-11-24T16:49:12.361Z] <<< [apiv2][body] GET https://cloudfunctions.googleapis.com/v1/operations/cHJ1ZWJhLWF1dGgtdnVleC1yb3V0ZXIvdXMtY2VudHJhbDEvbXBBY3Rpb25zL1lnM1Y1RGZtWFFF {"name":"operations/cHJ1ZWJhLWF1dGgtdnVleC1yb3V0ZXIvdXMtY2VudHJhbDEvbXBBY3Rpb25zL1lnM1Y1RGZtWFFF","metadata":{"@type":"type.googleapis.com/google.cloud.functions.v1.OperationMetadataV1","target":"projects/prueba-auth-vuex-router/locations/us-central1/functions/mpActions","type":"UPDATE_FUNCTION","request":{"@type":"type.googleapis.com/google.cloud.functions.v1.CloudFunction","name":"projects/prueba-auth-vuex-router/locations/us-central1/functions/mpActions","httpsTrigger":{"url":"https://us-central1-prueba-auth-vuex-router.cloudfunctions.net/mpActions","securityLevel":"SECURE_ALWAYS"},"status":"ACTIVE","entryPoint":"mpActions","updateTime":"2022-11-24T16:17:20.457Z","versionId":"127","labels":{"deployment-tool":"cli-firebase","firebase-functions-hash":"459fd477aa0a2823114ddeee9c416e723274922c"},"sourceUploadUrl":"https://storage.googleapis.com/uploads-1090728644272.us-central1.cloudfunctions.appspot.com/2e07b05e-2135-4c91-9f71-55c5cd5d01ff.zip?GoogleAccessId=service-184901051080@gcf-admin-robot.iam.gserviceaccount.com&Expires=1669310286&Signature=Hm991jppg55M2X3h9yBkAdd6x082RObaZ2IPfSl3N5Wxt6QhL7ZClvfmV8EOjWJ9qINg1cEGTtOmHscLgbFGPdHMn8qOe1leUpaLkOuNmTTqikv7Y0Fa6E1uvEYEAPIZgCSwN5Fd7lzVHcXP%2FnCUiiDMQ9UWHIURvVUdVM%2FErcgRuJVCj4UPmuOteI6GpcoPyDoqHUumR2sh5PYpiywsQvst%2B6DnnsAvngv1ERUzMliE3VHwv1v30Gn2nrNFuvPTwr7DRa%2BsgIDLVvTw7d5HicvTLWZ5%2BAc9p6K8vibQ9b%2B2Ox6nS%2B5nzMjcrgj5%2Bc%2FykrVBhNm5HciLc0RG36sUkw%3D%3D","environmentVariables":{"FIREBASE_CONFIG":"{\"projectId\":\"prueba-auth-vuex-router\",\"databaseURL\":\"https://prueba-auth-vuex-router-default-rtdb.firebaseio.com\",\"storageBucket\":\"prueba-auth-vuex-router.appspot.com\",\"locationId\":\"southamerica-east1\"}","GCLOUD_PROJECT":"prueba-auth-vuex-router","EVENTARC_CLOUD_EVENT_SOURCE":"projects/prueba-auth-vuex-router/locations/us-central1/functions/mpActions"},"runtime":"nodejs16","buildId":"2a3923cd-c7a1-408e-be40-ab84df4459f4","sourceToken":"cd5ffeec-02cf-4a17-934d-3b37153bcee7","buildName":"projects/184901051080/locations/us-central1/builds/2a3923cd-c7a1-408e-be40-ab84df4459f4","dockerRegistry":"ARTIFACT_REGISTRY"},"versionId":"128","updateTime":"2022-11-24T16:49:11Z","sourceToken":"cd5ffeec-02cf-4a17-934d-3b37153bcee7"}}
[debug] [2022-11-24T16:49:12.361Z] Got source token cd5ffeec-02cf-4a17-934d-3b37153bcee7 for region us-central1
[debug] [2022-11-24T16:49:12.863Z] [update-default-us-central1-mpActions] Retrying task index 0
[debug] [2022-11-24T16:49:12.863Z] >>> [apiv2][query] GET https://cloudfunctions.googleapis.com/v1/operations/cHJ1ZWJhLWF1dGgtdnVleC1yb3V0ZXIvdXMtY2VudHJhbDEvbXBBY3Rpb25zL1lnM1Y1RGZtWFFF [none]
[debug] [2022-11-24T16:49:13.529Z] <<< [apiv2][status] GET https://cloudfunctions.googleapis.com/v1/operations/cHJ1ZWJhLWF1dGgtdnVleC1yb3V0ZXIvdXMtY2VudHJhbDEvbXBBY3Rpb25zL1lnM1Y1RGZtWFFF 200
[debug] [2022-11-24T16:49:13.529Z] <<< [apiv2][body] GET https://cloudfunctions.googleapis.com/v1/operations/cHJ1ZWJhLWF1dGgtdnVleC1yb3V0ZXIvdXMtY2VudHJhbDEvbXBBY3Rpb25zL1lnM1Y1RGZtWFFF {"name":"operations/cHJ1ZWJhLWF1dGgtdnVleC1yb3V0ZXIvdXMtY2VudHJhbDEvbXBBY3Rpb25zL1lnM1Y1RGZtWFFF","metadata":{"@type":"type.googleapis.com/google.cloud.functions.v1.OperationMetadataV1","target":"projects/prueba-auth-vuex-router/locations/us-central1/functions/mpActions","type":"UPDATE_FUNCTION","request":{"@type":"type.googleapis.com/google.cloud.functions.v1.CloudFunction","name":"projects/prueba-auth-vuex-router/locations/us-central1/functions/mpActions","httpsTrigger":{"url":"https://us-central1-prueba-auth-vuex-router.cloudfunctions.net/mpActions","securityLevel":"SECURE_ALWAYS"},"status":"ACTIVE","entryPoint":"mpActions","updateTime":"2022-11-24T16:17:20.457Z","versionId":"127","labels":{"deployment-tool":"cli-firebase","firebase-functions-hash":"459fd477aa0a2823114ddeee9c416e723274922c"},"sourceUploadUrl":"https://storage.googleapis.com/uploads-1090728644272.us-central1.cloudfunctions.appspot.com/2e07b05e-2135-4c91-9f71-55c5cd5d01ff.zip?GoogleAccessId=service-184901051080@gcf-admin-robot.iam.gserviceaccount.com&Expires=1669310286&Signature=Hm991jppg55M2X3h9yBkAdd6x082RObaZ2IPfSl3N5Wxt6QhL7ZClvfmV8EOjWJ9qINg1cEGTtOmHscLgbFGPdHMn8qOe1leUpaLkOuNmTTqikv7Y0Fa6E1uvEYEAPIZgCSwN5Fd7lzVHcXP%2FnCUiiDMQ9UWHIURvVUdVM%2FErcgRuJVCj4UPmuOteI6GpcoPyDoqHUumR2sh5PYpiywsQvst%2B6DnnsAvngv1ERUzMliE3VHwv1v30Gn2nrNFuvPTwr7DRa%2BsgIDLVvTw7d5HicvTLWZ5%2BAc9p6K8vibQ9b%2B2Ox6nS%2B5nzMjcrgj5%2Bc%2FykrVBhNm5HciLc0RG36sUkw%3D%3D","environmentVariables":{"FIREBASE_CONFIG":"{\"projectId\":\"prueba-auth-vuex-router\",\"databaseURL\":\"https://prueba-auth-vuex-router-default-rtdb.firebaseio.com\",\"storageBucket\":\"prueba-auth-vuex-router.appspot.com\",\"locationId\":\"southamerica-east1\"}","GCLOUD_PROJECT":"prueba-auth-vuex-router","EVENTARC_CLOUD_EVENT_SOURCE":"projects/prueba-auth-vuex-router/locations/us-central1/functions/mpActions"},"runtime":"nodejs16","buildId":"2a3923cd-c7a1-408e-be40-ab84df4459f4","sourceToken":"cd5ffeec-02cf-4a17-934d-3b37153bcee7","buildName":"projects/184901051080/locations/us-central1/builds/2a3923cd-c7a1-408e-be40-ab84df4459f4","dockerRegistry":"ARTIFACT_REGISTRY"},"versionId":"128","updateTime":"2022-11-24T16:49:11Z","sourceToken":"cd5ffeec-02cf-4a17-934d-3b37153bcee7"}}
[debug] [2022-11-24T16:49:13.529Z] Got source token cd5ffeec-02cf-4a17-934d-3b37153bcee7 for region us-central1
[debug] [2022-11-24T16:49:14.537Z] [update-default-us-central1-mpActions] Retrying task index 0
[debug] [2022-11-24T16:49:14.538Z] >>> [apiv2][query] GET https://cloudfunctions.googleapis.com/v1/operations/cHJ1ZWJhLWF1dGgtdnVleC1yb3V0ZXIvdXMtY2VudHJhbDEvbXBBY3Rpb25zL1lnM1Y1RGZtWFFF [none]
[debug] [2022-11-24T16:49:15.138Z] <<< [apiv2][status] GET https://cloudfunctions.googleapis.com/v1/operations/cHJ1ZWJhLWF1dGgtdnVleC1yb3V0ZXIvdXMtY2VudHJhbDEvbXBBY3Rpb25zL1lnM1Y1RGZtWFFF 200
[debug] [2022-11-24T16:49:15.138Z] <<< [apiv2][body] GET https://cloudfunctions.googleapis.com/v1/operations/cHJ1ZWJhLWF1dGgtdnVleC1yb3V0ZXIvdXMtY2VudHJhbDEvbXBBY3Rpb25zL1lnM1Y1RGZtWFFF {"name":"operations/cHJ1ZWJhLWF1dGgtdnVleC1yb3V0ZXIvdXMtY2VudHJhbDEvbXBBY3Rpb25zL1lnM1Y1RGZtWFFF","metadata":{"@type":"type.googleapis.com/google.cloud.functions.v1.OperationMetadataV1","target":"projects/prueba-auth-vuex-router/locations/us-central1/functions/mpActions","type":"UPDATE_FUNCTION","request":{"@type":"type.googleapis.com/google.cloud.functions.v1.CloudFunction","name":"projects/prueba-auth-vuex-router/locations/us-central1/functions/mpActions","httpsTrigger":{"url":"https://us-central1-prueba-auth-vuex-router.cloudfunctions.net/mpActions","securityLevel":"SECURE_ALWAYS"},"status":"ACTIVE","entryPoint":"mpActions","updateTime":"2022-11-24T16:17:20.457Z","versionId":"127","labels":{"deployment-tool":"cli-firebase","firebase-functions-hash":"459fd477aa0a2823114ddeee9c416e723274922c"},"sourceUploadUrl":"https://storage.googleapis.com/uploads-1090728644272.us-central1.cloudfunctions.appspot.com/2e07b05e-2135-4c91-9f71-55c5cd5d01ff.zip?GoogleAccessId=service-184901051080@gcf-admin-robot.iam.gserviceaccount.com&Expires=1669310286&Signature=Hm991jppg55M2X3h9yBkAdd6x082RObaZ2IPfSl3N5Wxt6QhL7ZClvfmV8EOjWJ9qINg1cEGTtOmHscLgbFGPdHMn8qOe1leUpaLkOuNmTTqikv7Y0Fa6E1uvEYEAPIZgCSwN5Fd7lzVHcXP%2FnCUiiDMQ9UWHIURvVUdVM%2FErcgRuJVCj4UPmuOteI6GpcoPyDoqHUumR2sh5PYpiywsQvst%2B6DnnsAvngv1ERUzMliE3VHwv1v30Gn2nrNFuvPTwr7DRa%2BsgIDLVvTw7d5HicvTLWZ5%2BAc9p6K8vibQ9b%2B2Ox6nS%2B5nzMjcrgj5%2Bc%2FykrVBhNm5HciLc0RG36sUkw%3D%3D","environmentVariables":{"FIREBASE_CONFIG":"{\"projectId\":\"prueba-auth-vuex-router\",\"databaseURL\":\"https://prueba-auth-vuex-router-default-rtdb.firebaseio.com\",\"storageBucket\":\"prueba-auth-vuex-router.appspot.com\",\"locationId\":\"southamerica-east1\"}","GCLOUD_PROJECT":"prueba-auth-vuex-router","EVENTARC_CLOUD_EVENT_SOURCE":"projects/prueba-auth-vuex-router/locations/us-central1/functions/mpActions"},"runtime":"nodejs16","buildId":"2a3923cd-c7a1-408e-be40-ab84df4459f4","sourceToken":"cd5ffeec-02cf-4a17-934d-3b37153bcee7","buildName":"projects/184901051080/locations/us-central1/builds/2a3923cd-c7a1-408e-be40-ab84df4459f4","dockerRegistry":"ARTIFACT_REGISTRY"},"versionId":"128","updateTime":"2022-11-24T16:49:11Z","sourceToken":"cd5ffeec-02cf-4a17-934d-3b37153bcee7"}}
[debug] [2022-11-24T16:49:15.138Z] Got source token cd5ffeec-02cf-4a17-934d-3b37153bcee7 for region us-central1
[debug] [2022-11-24T16:49:17.145Z] [update-default-us-central1-mpActions] Retrying task index 0
[debug] [2022-11-24T16:49:17.146Z] >>> [apiv2][query] GET https://cloudfunctions.googleapis.com/v1/operations/cHJ1ZWJhLWF1dGgtdnVleC1yb3V0ZXIvdXMtY2VudHJhbDEvbXBBY3Rpb25zL1lnM1Y1RGZtWFFF [none]
[debug] [2022-11-24T16:49:17.807Z] <<< [apiv2][status] GET https://cloudfunctions.googleapis.com/v1/operations/cHJ1ZWJhLWF1dGgtdnVleC1yb3V0ZXIvdXMtY2VudHJhbDEvbXBBY3Rpb25zL1lnM1Y1RGZtWFFF 200
[debug] [2022-11-24T16:49:17.807Z] <<< [apiv2][body] GET https://cloudfunctions.googleapis.com/v1/operations/cHJ1ZWJhLWF1dGgtdnVleC1yb3V0ZXIvdXMtY2VudHJhbDEvbXBBY3Rpb25zL1lnM1Y1RGZtWFFF {"name":"operations/cHJ1ZWJhLWF1dGgtdnVleC1yb3V0ZXIvdXMtY2VudHJhbDEvbXBBY3Rpb25zL1lnM1Y1RGZtWFFF","metadata":{"@type":"type.googleapis.com/google.cloud.functions.v1.OperationMetadataV1","target":"projects/prueba-auth-vuex-router/locations/us-central1/functions/mpActions","type":"UPDATE_FUNCTION","request":{"@type":"type.googleapis.com/google.cloud.functions.v1.CloudFunction","name":"projects/prueba-auth-vuex-router/locations/us-central1/functions/mpActions","httpsTrigger":{"url":"https://us-central1-prueba-auth-vuex-router.cloudfunctions.net/mpActions","securityLevel":"SECURE_ALWAYS"},"status":"ACTIVE","entryPoint":"mpActions","updateTime":"2022-11-24T16:17:20.457Z","versionId":"127","labels":{"deployment-tool":"cli-firebase","firebase-functions-hash":"459fd477aa0a2823114ddeee9c416e723274922c"},"sourceUploadUrl":"https://storage.googleapis.com/uploads-1090728644272.us-central1.cloudfunctions.appspot.com/2e07b05e-2135-4c91-9f71-55c5cd5d01ff.zip?GoogleAccessId=service-184901051080@gcf-admin-robot.iam.gserviceaccount.com&Expires=1669310286&Signature=Hm991jppg55M2X3h9yBkAdd6x082RObaZ2IPfSl3N5Wxt6QhL7ZClvfmV8EOjWJ9qINg1cEGTtOmHscLgbFGPdHMn8qOe1leUpaLkOuNmTTqikv7Y0Fa6E1uvEYEAPIZgCSwN5Fd7lzVHcXP%2FnCUiiDMQ9UWHIURvVUdVM%2FErcgRuJVCj4UPmuOteI6GpcoPyDoqHUumR2sh5PYpiywsQvst%2B6DnnsAvngv1ERUzMliE3VHwv1v30Gn2nrNFuvPTwr7DRa%2BsgIDLVvTw7d5HicvTLWZ5%2BAc9p6K8vibQ9b%2B2Ox6nS%2B5nzMjcrgj5%2Bc%2FykrVBhNm5HciLc0RG36sUkw%3D%3D","environmentVariables":{"FIREBASE_CONFIG":"{\"projectId\":\"prueba-auth-vuex-router\",\"databaseURL\":\"https://prueba-auth-vuex-router-default-rtdb.firebaseio.com\",\"storageBucket\":\"prueba-auth-vuex-router.appspot.com\",\"locationId\":\"southamerica-east1\"}","GCLOUD_PROJECT":"prueba-auth-vuex-router","EVENTARC_CLOUD_EVENT_SOURCE":"projects/prueba-auth-vuex-router/locations/us-central1/functions/mpActions"},"runtime":"nodejs16","buildId":"2a3923cd-c7a1-408e-be40-ab84df4459f4","sourceToken":"cd5ffeec-02cf-4a17-934d-3b37153bcee7","buildName":"projects/184901051080/locations/us-central1/builds/2a3923cd-c7a1-408e-be40-ab84df4459f4","dockerRegistry":"ARTIFACT_REGISTRY"},"versionId":"128","updateTime":"2022-11-24T16:49:11Z","buildId":"e4381fbc-dade-483f-9602-e82f033060ce","sourceToken":"cd5ffeec-02cf-4a17-934d-3b37153bcee7","buildName":"projects/184901051080/locations/us-central1/builds/e4381fbc-dade-483f-9602-e82f033060ce"}}
[debug] [2022-11-24T16:49:17.807Z] Got source token cd5ffeec-02cf-4a17-934d-3b37153bcee7 for region us-central1
[debug] [2022-11-24T16:49:20.715Z] [update-default-us-central1-webHooksNotif] Retrying task index 0
[debug] [2022-11-24T16:49:20.715Z] >>> [apiv2][query] GET https://cloudfunctions.googleapis.com/v1/operations/cHJ1ZWJhLWF1dGgtdnVleC1yb3V0ZXIvdXMtY2VudHJhbDEvd2ViSG9va3NOb3RpZi95R1pJdHBLR3B3VQ [none]
[debug] [2022-11-24T16:49:21.339Z] <<< [apiv2][status] GET https://cloudfunctions.googleapis.com/v1/operations/cHJ1ZWJhLWF1dGgtdnVleC1yb3V0ZXIvdXMtY2VudHJhbDEvd2ViSG9va3NOb3RpZi95R1pJdHBLR3B3VQ 200
[debug] [2022-11-24T16:49:21.339Z] <<< [apiv2][body] GET https://cloudfunctions.googleapis.com/v1/operations/cHJ1ZWJhLWF1dGgtdnVleC1yb3V0ZXIvdXMtY2VudHJhbDEvd2ViSG9va3NOb3RpZi95R1pJdHBLR3B3VQ {"name":"operations/cHJ1ZWJhLWF1dGgtdnVleC1yb3V0ZXIvdXMtY2VudHJhbDEvd2ViSG9va3NOb3RpZi95R1pJdHBLR3B3VQ","metadata":{"@type":"type.googleapis.com/google.cloud.functions.v1.OperationMetadataV1","target":"projects/prueba-auth-vuex-router/locations/us-central1/functions/webHooksNotif","type":"UPDATE_FUNCTION","request":{"@type":"type.googleapis.com/google.cloud.functions.v1.CloudFunction","name":"projects/prueba-auth-vuex-router/locations/us-central1/functions/webHooksNotif","httpsTrigger":{"url":"https://us-central1-prueba-auth-vuex-router.cloudfunctions.net/webHooksNotif","securityLevel":"SECURE_ALWAYS"},"status":"ACTIVE","entryPoint":"webHooksNotif","updateTime":"2022-11-24T16:17:15.343Z","versionId":"130","labels":{"deployment-tool":"cli-firebase","firebase-functions-hash":"459fd477aa0a2823114ddeee9c416e723274922c"},"sourceUploadUrl":"https://storage.googleapis.com/uploads-1090728644272.us-central1.cloudfunctions.appspot.com/2e07b05e-2135-4c91-9f71-55c5cd5d01ff.zip?GoogleAccessId=service-184901051080@gcf-admin-robot.iam.gserviceaccount.com&Expires=1669310286&Signature=Hm991jppg55M2X3h9yBkAdd6x082RObaZ2IPfSl3N5Wxt6QhL7ZClvfmV8EOjWJ9qINg1cEGTtOmHscLgbFGPdHMn8qOe1leUpaLkOuNmTTqikv7Y0Fa6E1uvEYEAPIZgCSwN5Fd7lzVHcXP%2FnCUiiDMQ9UWHIURvVUdVM%2FErcgRuJVCj4UPmuOteI6GpcoPyDoqHUumR2sh5PYpiywsQvst%2B6DnnsAvngv1ERUzMliE3VHwv1v30Gn2nrNFuvPTwr7DRa%2BsgIDLVvTw7d5HicvTLWZ5%2BAc9p6K8vibQ9b%2B2Ox6nS%2B5nzMjcrgj5%2Bc%2FykrVBhNm5HciLc0RG36sUkw%3D%3D","environmentVariables":{"FIREBASE_CONFIG":"{\"projectId\":\"prueba-auth-vuex-router\",\"databaseURL\":\"https://prueba-auth-vuex-router-default-rtdb.firebaseio.com\",\"storageBucket\":\"prueba-auth-vuex-router.appspot.com\",\"locationId\":\"southamerica-east1\"}","GCLOUD_PROJECT":"prueba-auth-vuex-router","EVENTARC_CLOUD_EVENT_SOURCE":"projects/prueba-auth-vuex-router/locations/us-central1/functions/mpActions"},"runtime":"nodejs16","buildId":"2a3923cd-c7a1-408e-be40-ab84df4459f4","buildName":"projects/184901051080/locations/us-central1/builds/2a3923cd-c7a1-408e-be40-ab84df4459f4","dockerRegistry":"ARTIFACT_REGISTRY"},"versionId":"131","updateTime":"2022-11-24T16:49:16Z","buildId":"e4381fbc-dade-483f-9602-e82f033060ce","sourceToken":"cd5ffeec-02cf-4a17-934d-3b37153bcee7","buildName":"projects/184901051080/locations/us-central1/builds/e4381fbc-dade-483f-9602-e82f033060ce"},"done":true,"error":{"code":3,"message":"Function failed on loading user code. This is likely due to a bug in the user code. Error message: Error: please examine your function logs to see the error cause: https://cloud.google.com/functions/docs/monitoring/logging#viewing_logs. Additional troubleshooting documentation can be found at https://cloud.google.com/functions/docs/troubleshooting#logging. Please visit https://cloud.google.com/functions/docs/troubleshooting for in-depth troubleshooting documentation."}}
[debug] [2022-11-24T16:49:21.339Z] Got source token cd5ffeec-02cf-4a17-934d-3b37153bcee7 for region us-central1
[error] Function failed on loading user code. This is likely due to a bug in the user code. Error message: Error: please examine your function logs to see the error cause: https://cloud.google.com/functions/docs/monitoring/logging#viewing_logs. Additional troubleshooting documentation can be found at https://cloud.google.com/functions/docs/troubleshooting#logging. Please visit https://cloud.google.com/functions/docs/troubleshooting for in-depth troubleshooting documentation.
[debug] [2022-11-24T16:49:21.810Z] [update-default-us-central1-mpActions] Retrying task index 0
[debug] [2022-11-24T16:49:21.811Z] >>> [apiv2][query] GET https://cloudfunctions.googleapis.com/v1/operations/cHJ1ZWJhLWF1dGgtdnVleC1yb3V0ZXIvdXMtY2VudHJhbDEvbXBBY3Rpb25zL1lnM1Y1RGZtWFFF [none]
[debug] [2022-11-24T16:49:22.414Z] <<< [apiv2][status] GET https://cloudfunctions.googleapis.com/v1/operations/cHJ1ZWJhLWF1dGgtdnVleC1yb3V0ZXIvdXMtY2VudHJhbDEvbXBBY3Rpb25zL1lnM1Y1RGZtWFFF 200
[debug] [2022-11-24T16:49:22.414Z] <<< [apiv2][body] GET https://cloudfunctions.googleapis.com/v1/operations/cHJ1ZWJhLWF1dGgtdnVleC1yb3V0ZXIvdXMtY2VudHJhbDEvbXBBY3Rpb25zL1lnM1Y1RGZtWFFF {"name":"operations/cHJ1ZWJhLWF1dGgtdnVleC1yb3V0ZXIvdXMtY2VudHJhbDEvbXBBY3Rpb25zL1lnM1Y1RGZtWFFF","metadata":{"@type":"type.googleapis.com/google.cloud.functions.v1.OperationMetadataV1","target":"projects/prueba-auth-vuex-router/locations/us-central1/functions/mpActions","type":"UPDATE_FUNCTION","request":{"@type":"type.googleapis.com/google.cloud.functions.v1.CloudFunction","name":"projects/prueba-auth-vuex-router/locations/us-central1/functions/mpActions","httpsTrigger":{"url":"https://us-central1-prueba-auth-vuex-router.cloudfunctions.net/mpActions","securityLevel":"SECURE_ALWAYS"},"status":"ACTIVE","entryPoint":"mpActions","updateTime":"2022-11-24T16:17:20.457Z","versionId":"127","labels":{"deployment-tool":"cli-firebase","firebase-functions-hash":"459fd477aa0a2823114ddeee9c416e723274922c"},"sourceUploadUrl":"https://storage.googleapis.com/uploads-1090728644272.us-central1.cloudfunctions.appspot.com/2e07b05e-2135-4c91-9f71-55c5cd5d01ff.zip?GoogleAccessId=service-184901051080@gcf-admin-robot.iam.gserviceaccount.com&Expires=1669310286&Signature=Hm991jppg55M2X3h9yBkAdd6x082RObaZ2IPfSl3N5Wxt6QhL7ZClvfmV8EOjWJ9qINg1cEGTtOmHscLgbFGPdHMn8qOe1leUpaLkOuNmTTqikv7Y0Fa6E1uvEYEAPIZgCSwN5Fd7lzVHcXP%2FnCUiiDMQ9UWHIURvVUdVM%2FErcgRuJVCj4UPmuOteI6GpcoPyDoqHUumR2sh5PYpiywsQvst%2B6DnnsAvngv1ERUzMliE3VHwv1v30Gn2nrNFuvPTwr7DRa%2BsgIDLVvTw7d5HicvTLWZ5%2BAc9p6K8vibQ9b%2B2Ox6nS%2B5nzMjcrgj5%2Bc%2FykrVBhNm5HciLc0RG36sUkw%3D%3D","environmentVariables":{"FIREBASE_CONFIG":"{\"projectId\":\"prueba-auth-vuex-router\",\"databaseURL\":\"https://prueba-auth-vuex-router-default-rtdb.firebaseio.com\",\"storageBucket\":\"prueba-auth-vuex-router.appspot.com\",\"locationId\":\"southamerica-east1\"}","GCLOUD_PROJECT":"prueba-auth-vuex-router","EVENTARC_CLOUD_EVENT_SOURCE":"projects/prueba-auth-vuex-router/locations/us-central1/functions/mpActions"},"runtime":"nodejs16","buildId":"2a3923cd-c7a1-408e-be40-ab84df4459f4","sourceToken":"cd5ffeec-02cf-4a17-934d-3b37153bcee7","buildName":"projects/184901051080/locations/us-central1/builds/2a3923cd-c7a1-408e-be40-ab84df4459f4","dockerRegistry":"ARTIFACT_REGISTRY"},"versionId":"128","updateTime":"2022-11-24T16:49:11Z","buildId":"e4381fbc-dade-483f-9602-e82f033060ce","sourceToken":"cd5ffeec-02cf-4a17-934d-3b37153bcee7","buildName":"projects/184901051080/locations/us-central1/builds/e4381fbc-dade-483f-9602-e82f033060ce"}}
[debug] [2022-11-24T16:49:22.414Z] Got source token cd5ffeec-02cf-4a17-934d-3b37153bcee7 for region us-central1
[debug] [2022-11-24T16:49:30.426Z] [update-default-us-central1-mpActions] Retrying task index 0
[debug] [2022-11-24T16:49:30.426Z] >>> [apiv2][query] GET https://cloudfunctions.googleapis.com/v1/operations/cHJ1ZWJhLWF1dGgtdnVleC1yb3V0ZXIvdXMtY2VudHJhbDEvbXBBY3Rpb25zL1lnM1Y1RGZtWFFF [none]
[debug] [2022-11-24T16:49:31.023Z] <<< [apiv2][status] GET https://cloudfunctions.googleapis.com/v1/operations/cHJ1ZWJhLWF1dGgtdnVleC1yb3V0ZXIvdXMtY2VudHJhbDEvbXBBY3Rpb25zL1lnM1Y1RGZtWFFF 200
[debug] [2022-11-24T16:49:31.023Z] <<< [apiv2][body] GET https://cloudfunctions.googleapis.com/v1/operations/cHJ1ZWJhLWF1dGgtdnVleC1yb3V0ZXIvdXMtY2VudHJhbDEvbXBBY3Rpb25zL1lnM1Y1RGZtWFFF {"name":"operations/cHJ1ZWJhLWF1dGgtdnVleC1yb3V0ZXIvdXMtY2VudHJhbDEvbXBBY3Rpb25zL1lnM1Y1RGZtWFFF","metadata":{"@type":"type.googleapis.com/google.cloud.functions.v1.OperationMetadataV1","target":"projects/prueba-auth-vuex-router/locations/us-central1/functions/mpActions","type":"UPDATE_FUNCTION","request":{"@type":"type.googleapis.com/google.cloud.functions.v1.CloudFunction","name":"projects/prueba-auth-vuex-router/locations/us-central1/functions/mpActions","httpsTrigger":{"url":"https://us-central1-prueba-auth-vuex-router.cloudfunctions.net/mpActions","securityLevel":"SECURE_ALWAYS"},"status":"ACTIVE","entryPoint":"mpActions","updateTime":"2022-11-24T16:17:20.457Z","versionId":"127","labels":{"deployment-tool":"cli-firebase","firebase-functions-hash":"459fd477aa0a2823114ddeee9c416e723274922c"},"sourceUploadUrl":"https://storage.googleapis.com/uploads-1090728644272.us-central1.cloudfunctions.appspot.com/2e07b05e-2135-4c91-9f71-55c5cd5d01ff.zip?GoogleAccessId=service-184901051080@gcf-admin-robot.iam.gserviceaccount.com&Expires=1669310286&Signature=Hm991jppg55M2X3h9yBkAdd6x082RObaZ2IPfSl3N5Wxt6QhL7ZClvfmV8EOjWJ9qINg1cEGTtOmHscLgbFGPdHMn8qOe1leUpaLkOuNmTTqikv7Y0Fa6E1uvEYEAPIZgCSwN5Fd7lzVHcXP%2FnCUiiDMQ9UWHIURvVUdVM%2FErcgRuJVCj4UPmuOteI6GpcoPyDoqHUumR2sh5PYpiywsQvst%2B6DnnsAvngv1ERUzMliE3VHwv1v30Gn2nrNFuvPTwr7DRa%2BsgIDLVvTw7d5HicvTLWZ5%2BAc9p6K8vibQ9b%2B2Ox6nS%2B5nzMjcrgj5%2Bc%2FykrVBhNm5HciLc0RG36sUkw%3D%3D","environmentVariables":{"FIREBASE_CONFIG":"{\"projectId\":\"prueba-auth-vuex-router\",\"databaseURL\":\"https://prueba-auth-vuex-router-default-rtdb.firebaseio.com\",\"storageBucket\":\"prueba-auth-vuex-router.appspot.com\",\"locationId\":\"southamerica-east1\"}","GCLOUD_PROJECT":"prueba-auth-vuex-router","EVENTARC_CLOUD_EVENT_SOURCE":"projects/prueba-auth-vuex-router/locations/us-central1/functions/mpActions"},"runtime":"nodejs16","buildId":"2a3923cd-c7a1-408e-be40-ab84df4459f4","sourceToken":"cd5ffeec-02cf-4a17-934d-3b37153bcee7","buildName":"projects/184901051080/locations/us-central1/builds/2a3923cd-c7a1-408e-be40-ab84df4459f4","dockerRegistry":"ARTIFACT_REGISTRY"},"versionId":"128","updateTime":"2022-11-24T16:49:24Z","buildId":"e4381fbc-dade-483f-9602-e82f033060ce","sourceToken":"cd5ffeec-02cf-4a17-934d-3b37153bcee7","buildName":"projects/184901051080/locations/us-central1/builds/e4381fbc-dade-483f-9602-e82f033060ce"},"done":true,"error":{"code":3,"message":"Function failed on loading user code. This is likely due to a bug in the user code. Error message: Error: please examine your function logs to see the error cause: https://cloud.google.com/functions/docs/monitoring/logging#viewing_logs. Additional troubleshooting documentation can be found at https://cloud.google.com/functions/docs/troubleshooting#logging. Please visit https://cloud.google.com/functions/docs/troubleshooting for in-depth troubleshooting documentation."}}
[debug] [2022-11-24T16:49:31.023Z] Got source token cd5ffeec-02cf-4a17-934d-3b37153bcee7 for region us-central1
[error] Function failed on loading user code. This is likely due to a bug in the user code. Error message: Error: please examine your function logs to see the error cause: https://cloud.google.com/functions/docs/monitoring/logging#viewing_logs. Additional troubleshooting documentation can be found at https://cloud.google.com/functions/docs/troubleshooting#logging. Please visit https://cloud.google.com/functions/docs/troubleshooting for in-depth troubleshooting documentation.
[debug] [2022-11-24T16:49:31.026Z] Total Function Deployment time: 83238
[debug] [2022-11-24T16:49:31.026Z] 2 Functions Deployed
[debug] [2022-11-24T16:49:31.026Z] 2 Functions Errored
[debug] [2022-11-24T16:49:31.026Z] 0 Function Deployments Aborted
[debug] [2022-11-24T16:49:31.026Z] Average Function Deployment time: 78394.5
[info] 
[info] Functions deploy had errors with the following functions:
	mpActions(us-central1)
	webHooksNotif(us-central1)
[debug] [2022-11-24T16:49:31.028Z] Not printing URL for HTTPS function. Typically this means it didn't match a filter or we failed deployment
[debug] [2022-11-24T16:49:31.028Z] Not printing URL for HTTPS function. Typically this means it didn't match a filter or we failed deployment
[info] i  functions: cleaning up build files... 
[debug] [2022-11-24T16:49:31.029Z] >>> [apiv2][query] DELETE https://artifactregistry.googleapis.com/v1beta2/projects/prueba-auth-vuex-router/locations/us-central1/repositories/gcf-artifacts/packages/web_hooks_notif [none]
[debug] [2022-11-24T16:49:31.030Z] >>> [apiv2][query] DELETE https://artifactregistry.googleapis.com/v1beta2/projects/prueba-auth-vuex-router/locations/us-central1/repositories/gcf-artifacts/packages/mp_actions [none]
[debug] [2022-11-24T16:49:31.031Z] >>> [apiv2][query] GET https://us.gcr.io/v2/prueba-auth-vuex-router/gcf/us-central1/tags/list [none]
[debug] [2022-11-24T16:49:31.977Z] <<< [apiv2][status] DELETE https://artifactregistry.googleapis.com/v1beta2/projects/prueba-auth-vuex-router/locations/us-central1/repositories/gcf-artifacts/packages/mp_actions 200
[debug] [2022-11-24T16:49:31.978Z] <<< [apiv2][body] DELETE https://artifactregistry.googleapis.com/v1beta2/projects/prueba-auth-vuex-router/locations/us-central1/repositories/gcf-artifacts/packages/mp_actions {"name":"projects/prueba-auth-vuex-router/locations/us-central1/operations/b67a87ff-43f3-4c31-9aec-b1124e87c363","metadata":{"@type":"type.googleapis.com/google.devtools.artifactregistry.v1beta2.OperationMetadata"}}
[debug] [2022-11-24T16:49:31.978Z] >>> [apiv2][query] GET https://artifactregistry.googleapis.com/v1beta2/projects/prueba-auth-vuex-router/locations/us-central1/operations/b67a87ff-43f3-4c31-9aec-b1124e87c363 [none]
[debug] [2022-11-24T16:49:31.979Z] <<< [apiv2][status] DELETE https://artifactregistry.googleapis.com/v1beta2/projects/prueba-auth-vuex-router/locations/us-central1/repositories/gcf-artifacts/packages/web_hooks_notif 200
[debug] [2022-11-24T16:49:31.980Z] <<< [apiv2][body] DELETE https://artifactregistry.googleapis.com/v1beta2/projects/prueba-auth-vuex-router/locations/us-central1/repositories/gcf-artifacts/packages/web_hooks_notif {"name":"projects/prueba-auth-vuex-router/locations/us-central1/operations/9ff3e3e9-9c2f-4ac7-a86a-6d82bef00d8e","metadata":{"@type":"type.googleapis.com/google.devtools.artifactregistry.v1beta2.OperationMetadata"}}
[debug] [2022-11-24T16:49:31.980Z] >>> [apiv2][query] GET https://artifactregistry.googleapis.com/v1beta2/projects/prueba-auth-vuex-router/locations/us-central1/operations/9ff3e3e9-9c2f-4ac7-a86a-6d82bef00d8e [none]
[debug] [2022-11-24T16:49:32.097Z] <<< [apiv2][status] GET https://us.gcr.io/v2/prueba-auth-vuex-router/gcf/us-central1/tags/list 200
[debug] [2022-11-24T16:49:32.097Z] <<< [apiv2][body] GET https://us.gcr.io/v2/prueba-auth-vuex-router/gcf/us-central1/tags/list {"child":[],"manifest":{},"name":"prueba-auth-vuex-router/gcf/us-central1","tags":[]}
[debug] [2022-11-24T16:49:32.098Z] Could not find image for function projects/prueba-auth-vuex-router/locations/us-central1/functions/webHooksNotif
[debug] [2022-11-24T16:49:32.098Z] Could not find image for function projects/prueba-auth-vuex-router/locations/us-central1/functions/mpActions
[debug] [2022-11-24T16:49:32.884Z] <<< [apiv2][status] GET https://artifactregistry.googleapis.com/v1beta2/projects/prueba-auth-vuex-router/locations/us-central1/operations/b67a87ff-43f3-4c31-9aec-b1124e87c363 200
[debug] [2022-11-24T16:49:32.885Z] <<< [apiv2][body] GET https://artifactregistry.googleapis.com/v1beta2/projects/prueba-auth-vuex-router/locations/us-central1/operations/b67a87ff-43f3-4c31-9aec-b1124e87c363 {"name":"projects/prueba-auth-vuex-router/locations/us-central1/operations/b67a87ff-43f3-4c31-9aec-b1124e87c363","metadata":{"@type":"type.googleapis.com/google.devtools.artifactregistry.v1beta2.OperationMetadata"}}
[debug] [2022-11-24T16:49:32.956Z] <<< [apiv2][status] GET https://artifactregistry.googleapis.com/v1beta2/projects/prueba-auth-vuex-router/locations/us-central1/operations/9ff3e3e9-9c2f-4ac7-a86a-6d82bef00d8e 200
[debug] [2022-11-24T16:49:32.956Z] <<< [apiv2][body] GET https://artifactregistry.googleapis.com/v1beta2/projects/prueba-auth-vuex-router/locations/us-central1/operations/9ff3e3e9-9c2f-4ac7-a86a-6d82bef00d8e {"name":"projects/prueba-auth-vuex-router/locations/us-central1/operations/9ff3e3e9-9c2f-4ac7-a86a-6d82bef00d8e","metadata":{"@type":"type.googleapis.com/google.devtools.artifactregistry.v1beta2.OperationMetadata"}}
[debug] [2022-11-24T16:49:33.390Z] [cleanup-us-central1-mpActions] Retrying task index 0
[debug] [2022-11-24T16:49:33.391Z] >>> [apiv2][query] GET https://artifactregistry.googleapis.com/v1beta2/projects/prueba-auth-vuex-router/locations/us-central1/operations/b67a87ff-43f3-4c31-9aec-b1124e87c363 [none]
[debug] [2022-11-24T16:49:33.461Z] [cleanup-us-central1-webHooksNotif] Retrying task index 0
[debug] [2022-11-24T16:49:33.461Z] >>> [apiv2][query] GET https://artifactregistry.googleapis.com/v1beta2/projects/prueba-auth-vuex-router/locations/us-central1/operations/9ff3e3e9-9c2f-4ac7-a86a-6d82bef00d8e [none]
[debug] [2022-11-24T16:49:34.268Z] <<< [apiv2][status] GET https://artifactregistry.googleapis.com/v1beta2/projects/prueba-auth-vuex-router/locations/us-central1/operations/b67a87ff-43f3-4c31-9aec-b1124e87c363 200
[debug] [2022-11-24T16:49:34.268Z] <<< [apiv2][body] GET https://artifactregistry.googleapis.com/v1beta2/projects/prueba-auth-vuex-router/locations/us-central1/operations/b67a87ff-43f3-4c31-9aec-b1124e87c363 {"name":"projects/prueba-auth-vuex-router/locations/us-central1/operations/b67a87ff-43f3-4c31-9aec-b1124e87c363","metadata":{"@type":"type.googleapis.com/google.devtools.artifactregistry.v1beta2.OperationMetadata"},"done":true,"response":{"@type":"type.googleapis.com/google.protobuf.Empty"}}
[debug] [2022-11-24T16:49:34.350Z] <<< [apiv2][status] GET https://artifactregistry.googleapis.com/v1beta2/projects/prueba-auth-vuex-router/locations/us-central1/operations/9ff3e3e9-9c2f-4ac7-a86a-6d82bef00d8e 200
[debug] [2022-11-24T16:49:34.350Z] <<< [apiv2][body] GET https://artifactregistry.googleapis.com/v1beta2/projects/prueba-auth-vuex-router/locations/us-central1/operations/9ff3e3e9-9c2f-4ac7-a86a-6d82bef00d8e {"name":"projects/prueba-auth-vuex-router/locations/us-central1/operations/9ff3e3e9-9c2f-4ac7-a86a-6d82bef00d8e","metadata":{"@type":"type.googleapis.com/google.devtools.artifactregistry.v1beta2.OperationMetadata"},"done":true,"response":{"@type":"type.googleapis.com/google.protobuf.Empty"}}
[debug] [2022-11-24T16:49:34.351Z] Functions deploy failed.
[debug] [2022-11-24T16:49:34.351Z] {
  "endpoint": {
    "id": "webHooksNotif",
    "project": "prueba-auth-vuex-router",
    "region": "us-central1",
    "entryPoint": "webHooksNotif",
    "platform": "gcfv1",
    "runtime": "nodejs16",
    "httpsTrigger": {},
    "serviceAccount": null,
    "ingressSettings": null,
    "availableMemoryMb": null,
    "timeoutSeconds": null,
    "maxInstances": null,
    "minInstances": null,
    "vpc": null,
    "environmentVariables": {
      "FIREBASE_CONFIG": "{\"projectId\":\"prueba-auth-vuex-router\",\"databaseURL\":\"https://prueba-auth-vuex-router-default-rtdb.firebaseio.com\",\"storageBucket\":\"prueba-auth-vuex-router.appspot.com\",\"locationId\":\"southamerica-east1\"}",
      "GCLOUD_PROJECT": "prueba-auth-vuex-router",
      "EVENTARC_CLOUD_EVENT_SOURCE": "projects/prueba-auth-vuex-router/locations/us-central1/functions/mpActions"
    },
    "codebase": "default",
    "securityLevel": "SECURE_ALWAYS",
    "targetedByOnly": false,
    "hash": "459fd477aa0a2823114ddeee9c416e723274922c",
    "labels": {
      "deployment-tool": "cli-firebase"
    }
  },
  "op": "update",
  "original": {
    "name": "FirebaseError",
    "children": [],
    "exit": 1,
    "message": "Function failed on loading user code. This is likely due to a bug in the user code. Error message: Error: please examine your function logs to see the error cause: https://cloud.google.com/functions/docs/monitoring/logging#viewing_logs. Additional troubleshooting documentation can be found at https://cloud.google.com/functions/docs/troubleshooting#logging. Please visit https://cloud.google.com/functions/docs/troubleshooting for in-depth troubleshooting documentation.",
    "status": 3
  }
}
[debug] [2022-11-24T16:49:34.351Z] {
  "endpoint": {
    "id": "mpActions",
    "project": "prueba-auth-vuex-router",
    "region": "us-central1",
    "entryPoint": "mpActions",
    "platform": "gcfv1",
    "runtime": "nodejs16",
    "httpsTrigger": {},
    "serviceAccount": null,
    "ingressSettings": null,
    "availableMemoryMb": null,
    "timeoutSeconds": null,
    "maxInstances": null,
    "minInstances": null,
    "vpc": null,
    "environmentVariables": {
      "FIREBASE_CONFIG": "{\"projectId\":\"prueba-auth-vuex-router\",\"databaseURL\":\"https://prueba-auth-vuex-router-default-rtdb.firebaseio.com\",\"storageBucket\":\"prueba-auth-vuex-router.appspot.com\",\"locationId\":\"southamerica-east1\"}",
      "GCLOUD_PROJECT": "prueba-auth-vuex-router",
      "EVENTARC_CLOUD_EVENT_SOURCE": "projects/prueba-auth-vuex-router/locations/us-central1/functions/mpActions"
    },
    "codebase": "default",
    "securityLevel": "SECURE_ALWAYS",
    "targetedByOnly": false,
    "hash": "459fd477aa0a2823114ddeee9c416e723274922c",
    "labels": {
      "deployment-tool": "cli-firebase"
    }
  },
  "op": "update",
  "original": {
    "name": "FirebaseError",
    "children": [],
    "exit": 1,
    "message": "Function failed on loading user code. This is likely due to a bug in the user code. Error message: Error: please examine your function logs to see the error cause: https://cloud.google.com/functions/docs/monitoring/logging#viewing_logs. Additional troubleshooting documentation can be found at https://cloud.google.com/functions/docs/troubleshooting#logging. Please visit https://cloud.google.com/functions/docs/troubleshooting for in-depth troubleshooting documentation.",
    "status": 3
  }
}
[error] Error: There was an error deploying functions:
[error] - Error Failed to update function webHooksNotif in region us-central1
[error] - Error Failed to update function mpActions in region us-central1
